<?xml version="1.0" encoding="UTF-8"?>
<coverage generated="1675266133233" clover="3.2.0">
  <project timestamp="1675266133233" name="All files">
    <metrics statements="15" coveredstatements="8" conditionals="4" coveredconditionals="2" methods="8" coveredmethods="2" elements="27" coveredelements="12" complexity="0" loc="15" ncloc="15" packages="2" files="2" classes="2"/>
    <package name="overview.buttons">
      <metrics statements="14" coveredstatements="7" conditionals="4" coveredconditionals="2" methods="7" coveredmethods="1"/>
      <file name="buttons.jsx" path="/Users/gbennettbrandt/Desktop/BootCamp/Week 6/FEC/src/components/overview/buttons/buttons.jsx">
        <metrics statements="14" coveredstatements="7" conditionals="4" coveredconditionals="2" methods="7" coveredmethods="1"/>
        <line num="10" count="1" type="stmt"/>
        <line num="70" count="1" type="stmt"/>
        <line num="71" count="1" type="stmt"/>
        <line num="72" count="1" type="stmt"/>
        <line num="73" count="1" type="stmt"/>
        <line num="74" count="1" type="stmt"/>
        <line num="77" count="0" type="stmt"/>
        <line num="78" count="0" type="stmt"/>
        <line num="82" count="0" type="stmt"/>
        <line num="86" count="0" type="stmt"/>
        <line num="89" count="1" type="stmt"/>
        <line num="98" count="0" type="stmt"/>
        <line num="120" count="0" type="stmt"/>
        <line num="121" count="0" type="stmt"/>
      </file>
    </package>
    <package name="ratings_reviews.modals">
      <metrics statements="1" coveredstatements="1" conditionals="0" coveredconditionals="0" methods="1" coveredmethods="1"/>
      <file name="ReviewErrorMessage.jsx" path="/Users/gbennettbrandt/Desktop/BootCamp/Week 6/FEC/src/components/ratings_reviews/modals/ReviewErrorMessage.jsx">
        <metrics statements="1" coveredstatements="1" conditionals="0" coveredconditionals="0" methods="1" coveredmethods="1"/>
        <line num="4" count="1" type="stmt"/>
      </file>
    </package>
  </project>
</coverage>
