{"/Users/andrew/Desktop/Hack Reactor/FEC/src/components/App.jsx": {"path":"/Users/andrew/Desktop/Hack Reactor/FEC/src/components/App.jsx","statementMap":{"0":{"start":{"line":10,"column":2},"end":{"line":20,"column":4}}},"fnMap":{"0":{"name":"App","decl":{"start":{"line":9,"column":24},"end":{"line":9,"column":27}},"loc":{"start":{"line":9,"column":30},"end":{"line":21,"column":1}},"line":9}},"branchMap":{},"s":{"0":1},"f":{"0":1},"b":{},"_coverageSchema":"1a1c01bbd47fc00a2c39e90264f33305004495a9","hash":"4e5e422ec9028544dc1553d328c663af2afb6d4d"}
,"/Users/andrew/Desktop/Hack Reactor/FEC/src/components/overview/Overview.jsx": {"path":"/Users/andrew/Desktop/Hack Reactor/FEC/src/components/overview/Overview.jsx","statementMap":{"0":{"start":{"line":26,"column":2},"end":{"line":40,"column":4}}},"fnMap":{"0":{"name":"Overview","decl":{"start":{"line":25,"column":24},"end":{"line":25,"column":32}},"loc":{"start":{"line":25,"column":35},"end":{"line":41,"column":1}},"line":25}},"branchMap":{},"s":{"0":0},"f":{"0":0},"b":{},"_coverageSchema":"1a1c01bbd47fc00a2c39e90264f33305004495a9","hash":"cf72cec5da78a612c7cabbc32c75138c667fd3cc"}
,"/Users/andrew/Desktop/Hack Reactor/FEC/src/components/overview/announcement.jsx": {"path":"/Users/andrew/Desktop/Hack Reactor/FEC/src/components/overview/announcement.jsx","statementMap":{"0":{"start":{"line":5,"column":2},"end":{"line":13,"column":4}}},"fnMap":{"0":{"name":"Banner","decl":{"start":{"line":4,"column":24},"end":{"line":4,"column":30}},"loc":{"start":{"line":4,"column":33},"end":{"line":14,"column":1}},"line":4}},"branchMap":{},"s":{"0":0},"f":{"0":0},"b":{},"_coverageSchema":"1a1c01bbd47fc00a2c39e90264f33305004495a9","hash":"fbe4621e5a77d2ed91e4c974baf0ed0fcb1e9b78"}
,"/Users/andrew/Desktop/Hack Reactor/FEC/src/components/overview/navbar.jsx": {"path":"/Users/andrew/Desktop/Hack Reactor/FEC/src/components/overview/navbar.jsx","statementMap":{"0":{"start":{"line":5,"column":2},"end":{"line":13,"column":4}}},"fnMap":{"0":{"name":"Nav","decl":{"start":{"line":4,"column":24},"end":{"line":4,"column":27}},"loc":{"start":{"line":4,"column":30},"end":{"line":14,"column":1}},"line":4}},"branchMap":{},"s":{"0":0},"f":{"0":0},"b":{},"_coverageSchema":"1a1c01bbd47fc00a2c39e90264f33305004495a9","hash":"f152072df5fe2515dbfb061f131b70bfa983d2c9"}
,"/Users/andrew/Desktop/Hack Reactor/FEC/src/components/overview/buttons/buttons.jsx": {"path":"/Users/andrew/Desktop/Hack Reactor/FEC/src/components/overview/buttons/buttons.jsx","statementMap":{"0":{"start":{"line":5,"column":2},"end":{"line":16,"column":4}},"1":{"start":{"line":19,"column":0},"end":{"line":21,"column":2}}},"fnMap":{"0":{"name":"Buttons","decl":{"start":{"line":4,"column":24},"end":{"line":4,"column":31}},"loc":{"start":{"line":4,"column":34},"end":{"line":17,"column":1}},"line":4}},"branchMap":{},"s":{"0":0,"1":1},"f":{"0":0},"b":{},"_coverageSchema":"1a1c01bbd47fc00a2c39e90264f33305004495a9","hash":"6da70593eb6d3b7b80f6da0598eb8ac73f4ddc84"}
,"/Users/andrew/Desktop/Hack Reactor/FEC/src/components/overview/main_image/image_carousel.jsx": {"path":"/Users/andrew/Desktop/Hack Reactor/FEC/src/components/overview/main_image/image_carousel.jsx","statementMap":{"0":{"start":{"line":6,"column":17},"end":{"line":13,"column":4}},"1":{"start":{"line":15,"column":12},"end":{"line":15,"column":25}},"2":{"start":{"line":17,"column":19},"end":{"line":24,"column":3}},"3":{"start":{"line":18,"column":4},"end":{"line":20,"column":5}},"4":{"start":{"line":19,"column":6},"end":{"line":19,"column":19}},"5":{"start":{"line":20,"column":6},"end":{"line":22,"column":5}},"6":{"start":{"line":21,"column":6},"end":{"line":21,"column":15}},"7":{"start":{"line":23,"column":4},"end":{"line":23,"column":17}},"8":{"start":{"line":26,"column":33},"end":{"line":26,"column":44}},"9":{"start":{"line":27,"column":34},"end":{"line":27,"column":49}},"10":{"start":{"line":32,"column":4},"end":{"line":36,"column":5}},"11":{"start":{"line":33,"column":6},"end":{"line":33,"column":42}},"12":{"start":{"line":35,"column":6},"end":{"line":35,"column":42}},"13":{"start":{"line":37,"column":4},"end":{"line":37,"column":23}},"14":{"start":{"line":41,"column":4},"end":{"line":41,"column":27}},"15":{"start":{"line":44,"column":2},"end":{"line":73,"column":4}},"16":{"start":{"line":56,"column":18},"end":{"line":64,"column":23}},"17":{"start":{"line":76,"column":0},"end":{"line":78,"column":2}}},"fnMap":{"0":{"name":"ImageCarousel","decl":{"start":{"line":5,"column":24},"end":{"line":5,"column":37}},"loc":{"start":{"line":5,"column":40},"end":{"line":74,"column":1}},"line":5},"1":{"name":"(anonymous_1)","decl":{"start":{"line":17,"column":19},"end":{"line":17,"column":20}},"loc":{"start":{"line":17,"column":30},"end":{"line":24,"column":3}},"line":17},"2":{"name":"handleNav","decl":{"start":{"line":29,"column":11},"end":{"line":29,"column":20}},"loc":{"start":{"line":29,"column":23},"end":{"line":38,"column":3}},"line":29},"3":{"name":"handleExpand","decl":{"start":{"line":40,"column":11},"end":{"line":40,"column":23}},"loc":{"start":{"line":40,"column":26},"end":{"line":42,"column":3}},"line":40},"4":{"name":"(anonymous_4)","decl":{"start":{"line":55,"column":27},"end":{"line":55,"column":28}},"loc":{"start":{"line":56,"column":18},"end":{"line":64,"column":23}},"line":56}},"branchMap":{"0":{"loc":{"start":{"line":18,"column":4},"end":{"line":20,"column":5}},"type":"if","locations":[{"start":{"line":18,"column":4},"end":{"line":20,"column":5}},{"start":{},"end":{}}],"line":18},"1":{"loc":{"start":{"line":20,"column":6},"end":{"line":22,"column":5}},"type":"if","locations":[{"start":{"line":20,"column":6},"end":{"line":22,"column":5}},{"start":{},"end":{}}],"line":20},"2":{"loc":{"start":{"line":32,"column":4},"end":{"line":36,"column":5}},"type":"if","locations":[{"start":{"line":32,"column":4},"end":{"line":36,"column":5}},{"start":{"line":34,"column":11},"end":{"line":36,"column":5}}],"line":32},"3":{"loc":{"start":{"line":48,"column":24},"end":{"line":48,"column":58}},"type":"cond-expr","locations":[{"start":{"line":48,"column":37},"end":{"line":48,"column":47}},{"start":{"line":48,"column":50},"end":{"line":48,"column":58}}],"line":48},"4":{"loc":{"start":{"line":59,"column":22},"end":{"line":59,"column":72}},"type":"cond-expr","locations":[{"start":{"line":59,"column":53},"end":{"line":59,"column":61}},{"start":{"line":59,"column":64},"end":{"line":59,"column":72}}],"line":59}},"s":{"0":0,"1":0,"2":0,"3":0,"4":0,"5":0,"6":0,"7":0,"8":0,"9":0,"10":0,"11":0,"12":0,"13":0,"14":0,"15":0,"16":0,"17":1},"f":{"0":0,"1":0,"2":0,"3":0,"4":0},"b":{"0":[0,0],"1":[0,0],"2":[0,0],"3":[0,0],"4":[0,0]},"_coverageSchema":"1a1c01bbd47fc00a2c39e90264f33305004495a9","hash":"72d2c2e601080410e294ba67463326902c8ced75"}
,"/Users/andrew/Desktop/Hack Reactor/FEC/src/components/overview/main_image/thumbnails.jsx": {"path":"/Users/andrew/Desktop/Hack Reactor/FEC/src/components/overview/main_image/thumbnails.jsx","statementMap":{"0":{"start":{"line":5,"column":17},"end":{"line":12,"column":4}},"1":{"start":{"line":14,"column":2},"end":{"line":29,"column":4}},"2":{"start":{"line":20,"column":10},"end":{"line":22,"column":15}},"3":{"start":{"line":32,"column":0},"end":{"line":34,"column":2}}},"fnMap":{"0":{"name":"Thumbnails","decl":{"start":{"line":4,"column":24},"end":{"line":4,"column":34}},"loc":{"start":{"line":4,"column":37},"end":{"line":30,"column":1}},"line":4},"1":{"name":"(anonymous_1)","decl":{"start":{"line":19,"column":19},"end":{"line":19,"column":20}},"loc":{"start":{"line":20,"column":10},"end":{"line":22,"column":15}},"line":20}},"branchMap":{},"s":{"0":0,"1":0,"2":0,"3":1},"f":{"0":0,"1":0},"b":{},"_coverageSchema":"1a1c01bbd47fc00a2c39e90264f33305004495a9","hash":"0ab062f72000c18c42a16cf3c923d224b02228ad"}
,"/Users/andrew/Desktop/Hack Reactor/FEC/src/components/overview/product_description/product_description.jsx": {"path":"/Users/andrew/Desktop/Hack Reactor/FEC/src/components/overview/product_description/product_description.jsx","statementMap":{"0":{"start":{"line":5,"column":18},"end":{"line":10,"column":3}},"1":{"start":{"line":13,"column":39},"end":{"line":13,"column":56}},"2":{"start":{"line":15,"column":2},"end":{"line":34,"column":4}},"3":{"start":{"line":25,"column":12},"end":{"line":28,"column":18}},"4":{"start":{"line":37,"column":0},"end":{"line":39,"column":2}}},"fnMap":{"0":{"name":"Description","decl":{"start":{"line":4,"column":24},"end":{"line":4,"column":35}},"loc":{"start":{"line":4,"column":38},"end":{"line":35,"column":1}},"line":4},"1":{"name":"(anonymous_1)","decl":{"start":{"line":24,"column":33},"end":{"line":24,"column":34}},"loc":{"start":{"line":25,"column":12},"end":{"line":28,"column":18}},"line":25}},"branchMap":{},"s":{"0":0,"1":0,"2":0,"3":0,"4":1},"f":{"0":0,"1":0},"b":{},"_coverageSchema":"1a1c01bbd47fc00a2c39e90264f33305004495a9","hash":"cf0aca92cfc571bb2c9e05fa6aa5e11bcf807e6b"}
,"/Users/andrew/Desktop/Hack Reactor/FEC/src/components/overview/product_header/product_info.jsx": {"path":"/Users/andrew/Desktop/Hack Reactor/FEC/src/components/overview/product_header/product_info.jsx","statementMap":{"0":{"start":{"line":7,"column":18},"end":{"line":9,"column":3}},"1":{"start":{"line":11,"column":2},"end":{"line":28,"column":4}},"2":{"start":{"line":31,"column":0},"end":{"line":33,"column":2}}},"fnMap":{"0":{"name":"ProductInfo","decl":{"start":{"line":6,"column":24},"end":{"line":6,"column":35}},"loc":{"start":{"line":6,"column":38},"end":{"line":29,"column":1}},"line":6}},"branchMap":{},"s":{"0":0,"1":0,"2":1},"f":{"0":0},"b":{},"_coverageSchema":"1a1c01bbd47fc00a2c39e90264f33305004495a9","hash":"74df6f525637ee7a590b530d4788a1b65dfc3fdf"}
,"/Users/andrew/Desktop/Hack Reactor/FEC/src/components/overview/styles/styles.jsx": {"path":"/Users/andrew/Desktop/Hack Reactor/FEC/src/components/overview/styles/styles.jsx","statementMap":{"0":{"start":{"line":5,"column":17},"end":{"line":10,"column":4}},"1":{"start":{"line":13,"column":35},"end":{"line":13,"column":54}},"2":{"start":{"line":15,"column":2},"end":{"line":37,"column":4}},"3":{"start":{"line":30,"column":12},"end":{"line":32,"column":18}}},"fnMap":{"0":{"name":"Styles","decl":{"start":{"line":4,"column":24},"end":{"line":4,"column":30}},"loc":{"start":{"line":4,"column":33},"end":{"line":38,"column":1}},"line":4},"1":{"name":"(anonymous_1)","decl":{"start":{"line":29,"column":21},"end":{"line":29,"column":22}},"loc":{"start":{"line":30,"column":12},"end":{"line":32,"column":18}},"line":30}},"branchMap":{},"s":{"0":0,"1":0,"2":0,"3":0},"f":{"0":0,"1":0},"b":{},"_coverageSchema":"1a1c01bbd47fc00a2c39e90264f33305004495a9","hash":"1b6c22490e0e89f4eb63780292dc4f96ec325309"}
,"/Users/andrew/Desktop/Hack Reactor/FEC/src/components/qa/AddAnswer.jsx": {"path":"/Users/andrew/Desktop/Hack Reactor/FEC/src/components/qa/AddAnswer.jsx","statementMap":{"0":{"start":{"line":4,"column":21},"end":{"line":16,"column":1}},"1":{"start":{"line":18,"column":26},"end":{"line":18,"column":41}},"2":{"start":{"line":19,"column":28},"end":{"line":19,"column":40}},"3":{"start":{"line":20,"column":33},"end":{"line":20,"column":45}},"4":{"start":{"line":21,"column":34},"end":{"line":21,"column":46}},"5":{"start":{"line":22,"column":30},"end":{"line":22,"column":42}},"6":{"start":{"line":24,"column":2},"end":{"line":54,"column":4}},"7":{"start":{"line":29,"column":30},"end":{"line":29,"column":44}},"8":{"start":{"line":50,"column":45},"end":{"line":50,"column":59}},"9":{"start":{"line":51,"column":45},"end":{"line":51,"column":59}}},"fnMap":{"0":{"name":"App","decl":{"start":{"line":17,"column":24},"end":{"line":17,"column":27}},"loc":{"start":{"line":17,"column":30},"end":{"line":55,"column":1}},"line":17},"1":{"name":"(anonymous_1)","decl":{"start":{"line":29,"column":24},"end":{"line":29,"column":25}},"loc":{"start":{"line":29,"column":30},"end":{"line":29,"column":44}},"line":29},"2":{"name":"(anonymous_2)","decl":{"start":{"line":50,"column":39},"end":{"line":50,"column":40}},"loc":{"start":{"line":50,"column":45},"end":{"line":50,"column":59}},"line":50},"3":{"name":"(anonymous_3)","decl":{"start":{"line":51,"column":39},"end":{"line":51,"column":40}},"loc":{"start":{"line":51,"column":45},"end":{"line":51,"column":59}},"line":51}},"branchMap":{},"s":{"0":1,"1":0,"2":0,"3":0,"4":0,"5":0,"6":0,"7":0,"8":0,"9":0},"f":{"0":0,"1":0,"2":0,"3":0},"b":{},"_coverageSchema":"1a1c01bbd47fc00a2c39e90264f33305004495a9","hash":"9a9d4ce8ef64dcb19b2c75079aca53df6bf09efd"}
,"/Users/andrew/Desktop/Hack Reactor/FEC/src/components/qa/AddQuestion.jsx": {"path":"/Users/andrew/Desktop/Hack Reactor/FEC/src/components/qa/AddQuestion.jsx","statementMap":{},"fnMap":{},"branchMap":{},"s":{},"f":{},"b":{},"_coverageSchema":"1a1c01bbd47fc00a2c39e90264f33305004495a9","hash":"4f820a86864eba7621f4fd57dc2e942c4e0420dc"}
,"/Users/andrew/Desktop/Hack Reactor/FEC/src/components/qa/AnswerList.jsx": {"path":"/Users/andrew/Desktop/Hack Reactor/FEC/src/components/qa/AnswerList.jsx","statementMap":{"0":{"start":{"line":10,"column":30},"end":{"line":10,"column":44}},"1":{"start":{"line":11,"column":30},"end":{"line":11,"column":45}},"2":{"start":{"line":12,"column":37},"end":{"line":12,"column":49}},"3":{"start":{"line":13,"column":30},"end":{"line":13,"column":41}},"4":{"start":{"line":14,"column":23},"end":{"line":14,"column":37}},"5":{"start":{"line":16,"column":21},"end":{"line":16,"column":48}},"6":{"start":{"line":18,"column":2},"end":{"line":23,"column":5}},"7":{"start":{"line":19,"column":4},"end":{"line":22,"column":5}},"8":{"start":{"line":20,"column":6},"end":{"line":20,"column":21}},"9":{"start":{"line":21,"column":6},"end":{"line":21,"column":20}},"10":{"start":{"line":24,"column":2},"end":{"line":28,"column":5}},"11":{"start":{"line":25,"column":4},"end":{"line":27,"column":5}},"12":{"start":{"line":26,"column":6},"end":{"line":26,"column":21}},"13":{"start":{"line":29,"column":2},"end":{"line":31,"column":5}},"14":{"start":{"line":30,"column":4},"end":{"line":30,"column":126}},"15":{"start":{"line":30,"column":40},"end":{"line":30,"column":122}},"16":{"start":{"line":33,"column":22},"end":{"line":36,"column":3}},"17":{"start":{"line":34,"column":4},"end":{"line":34,"column":26}},"18":{"start":{"line":35,"column":4},"end":{"line":35,"column":53}},"19":{"start":{"line":38,"column":24},"end":{"line":43,"column":3}},"20":{"start":{"line":39,"column":4},"end":{"line":39,"column":18}},"21":{"start":{"line":40,"column":4},"end":{"line":40,"column":19}},"22":{"start":{"line":41,"column":4},"end":{"line":41,"column":14}},"23":{"start":{"line":42,"column":4},"end":{"line":42,"column":53}},"24":{"start":{"line":44,"column":2},"end":{"line":50,"column":4}},"25":{"start":{"line":46,"column":37},"end":{"line":46,"column":91}}},"fnMap":{"0":{"name":"AnswerList","decl":{"start":{"line":7,"column":24},"end":{"line":7,"column":34}},"loc":{"start":{"line":7,"column":48},"end":{"line":51,"column":1}},"line":7},"1":{"name":"(anonymous_1)","decl":{"start":{"line":18,"column":12},"end":{"line":18,"column":13}},"loc":{"start":{"line":18,"column":18},"end":{"line":23,"column":3}},"line":18},"2":{"name":"(anonymous_2)","decl":{"start":{"line":24,"column":12},"end":{"line":24,"column":13}},"loc":{"start":{"line":24,"column":18},"end":{"line":28,"column":3}},"line":24},"3":{"name":"(anonymous_3)","decl":{"start":{"line":29,"column":12},"end":{"line":29,"column":13}},"loc":{"start":{"line":29,"column":18},"end":{"line":31,"column":3}},"line":29},"4":{"name":"(anonymous_4)","decl":{"start":{"line":30,"column":27},"end":{"line":30,"column":28}},"loc":{"start":{"line":30,"column":40},"end":{"line":30,"column":122}},"line":30},"5":{"name":"(anonymous_5)","decl":{"start":{"line":33,"column":22},"end":{"line":33,"column":23}},"loc":{"start":{"line":33,"column":28},"end":{"line":36,"column":3}},"line":33},"6":{"name":"(anonymous_6)","decl":{"start":{"line":38,"column":24},"end":{"line":38,"column":25}},"loc":{"start":{"line":38,"column":30},"end":{"line":43,"column":3}},"line":38},"7":{"name":"(anonymous_7)","decl":{"start":{"line":46,"column":24},"end":{"line":46,"column":25}},"loc":{"start":{"line":46,"column":37},"end":{"line":46,"column":91}},"line":46}},"branchMap":{"0":{"loc":{"start":{"line":19,"column":4},"end":{"line":22,"column":5}},"type":"if","locations":[{"start":{"line":19,"column":4},"end":{"line":22,"column":5}},{"start":{},"end":{}}],"line":19},"1":{"loc":{"start":{"line":25,"column":4},"end":{"line":27,"column":5}},"type":"if","locations":[{"start":{"line":25,"column":4},"end":{"line":27,"column":5}},{"start":{},"end":{}}],"line":25},"2":{"loc":{"start":{"line":30,"column":40},"end":{"line":30,"column":122}},"type":"cond-expr","locations":[{"start":{"line":30,"column":76},"end":{"line":30,"column":77}},{"start":{"line":30,"column":80},"end":{"line":30,"column":122}}],"line":30},"3":{"loc":{"start":{"line":30,"column":80},"end":{"line":30,"column":122}},"type":"cond-expr","locations":[{"start":{"line":30,"column":116},"end":{"line":30,"column":118}},{"start":{"line":30,"column":121},"end":{"line":30,"column":122}}],"line":30},"4":{"loc":{"start":{"line":47,"column":8},"end":{"line":47,"column":96}},"type":"cond-expr","locations":[{"start":{"line":47,"column":19},"end":{"line":47,"column":89}},{"start":{"line":47,"column":92},"end":{"line":47,"column":96}}],"line":47},"5":{"loc":{"start":{"line":48,"column":7},"end":{"line":48,"column":89}},"type":"cond-expr","locations":[{"start":{"line":48,"column":18},"end":{"line":48,"column":82}},{"start":{"line":48,"column":85},"end":{"line":48,"column":89}}],"line":48}},"s":{"0":0,"1":0,"2":0,"3":0,"4":0,"5":0,"6":0,"7":0,"8":0,"9":0,"10":0,"11":0,"12":0,"13":0,"14":0,"15":0,"16":0,"17":0,"18":0,"19":0,"20":0,"21":0,"22":0,"23":0,"24":0,"25":0},"f":{"0":0,"1":0,"2":0,"3":0,"4":0,"5":0,"6":0,"7":0},"b":{"0":[0,0],"1":[0,0],"2":[0,0],"3":[0,0],"4":[0,0],"5":[0,0]},"_coverageSchema":"1a1c01bbd47fc00a2c39e90264f33305004495a9","hash":"4da22fd2a7d2f9ff87db70e89a2b57dd220a3972"}
,"/Users/andrew/Desktop/Hack Reactor/FEC/src/components/qa/AnswerListItem.jsx": {"path":"/Users/andrew/Desktop/Hack Reactor/FEC/src/components/qa/AnswerListItem.jsx","statementMap":{"0":{"start":{"line":16,"column":2},"end":{"line":38,"column":4}},"1":{"start":{"line":22,"column":38},"end":{"line":22,"column":65}}},"fnMap":{"0":{"name":"AnswerListItem","decl":{"start":{"line":10,"column":24},"end":{"line":10,"column":38}},"loc":{"start":{"line":10,"column":48},"end":{"line":39,"column":1}},"line":10},"1":{"name":"(anonymous_1)","decl":{"start":{"line":22,"column":26},"end":{"line":22,"column":27}},"loc":{"start":{"line":22,"column":38},"end":{"line":22,"column":65}},"line":22}},"branchMap":{},"s":{"0":0,"1":0},"f":{"0":0,"1":0},"b":{},"_coverageSchema":"1a1c01bbd47fc00a2c39e90264f33305004495a9","hash":"9b48712d2bfb47008e70ed30218aa4a9e0cb5d6b"}
,"/Users/andrew/Desktop/Hack Reactor/FEC/src/components/qa/HelpfulButton.jsx": {"path":"/Users/andrew/Desktop/Hack Reactor/FEC/src/components/qa/HelpfulButton.jsx","statementMap":{"0":{"start":{"line":5,"column":32},"end":{"line":5,"column":47}},"1":{"start":{"line":6,"column":26},"end":{"line":6,"column":47}},"2":{"start":{"line":8,"column":17},"end":{"line":13,"column":3}},"3":{"start":{"line":9,"column":4},"end":{"line":9,"column":21}},"4":{"start":{"line":10,"column":4},"end":{"line":10,"column":22}},"5":{"start":{"line":11,"column":4},"end":{"line":11,"column":42}},"6":{"start":{"line":12,"column":4},"end":{"line":12,"column":80}},"7":{"start":{"line":15,"column":19},"end":{"line":18,"column":3}},"8":{"start":{"line":16,"column":4},"end":{"line":16,"column":22}},"9":{"start":{"line":17,"column":4},"end":{"line":17,"column":22}},"10":{"start":{"line":20,"column":2},"end":{"line":44,"column":4}}},"fnMap":{"0":{"name":"HelpfulButton","decl":{"start":{"line":4,"column":24},"end":{"line":4,"column":37}},"loc":{"start":{"line":4,"column":65},"end":{"line":45,"column":1}},"line":4},"1":{"name":"(anonymous_1)","decl":{"start":{"line":8,"column":17},"end":{"line":8,"column":18}},"loc":{"start":{"line":8,"column":23},"end":{"line":13,"column":3}},"line":8},"2":{"name":"(anonymous_2)","decl":{"start":{"line":15,"column":19},"end":{"line":15,"column":20}},"loc":{"start":{"line":15,"column":25},"end":{"line":18,"column":3}},"line":15}},"branchMap":{"0":{"loc":{"start":{"line":26,"column":9},"end":{"line":33,"column":16}},"type":"cond-expr","locations":[{"start":{"line":27,"column":10},"end":{"line":32,"column":19}},{"start":{"line":33,"column":12},"end":{"line":33,"column":16}}],"line":26},"1":{"loc":{"start":{"line":35,"column":7},"end":{"line":42,"column":14}},"type":"cond-expr","locations":[{"start":{"line":36,"column":8},"end":{"line":41,"column":17}},{"start":{"line":42,"column":10},"end":{"line":42,"column":14}}],"line":35}},"s":{"0":0,"1":0,"2":0,"3":0,"4":0,"5":0,"6":0,"7":0,"8":0,"9":0,"10":0},"f":{"0":0,"1":0,"2":0},"b":{"0":[0,0],"1":[0,0]},"_coverageSchema":"1a1c01bbd47fc00a2c39e90264f33305004495a9","hash":"1c78eeca5f868b3ffa5c2aaa29f06e7f67a13ecf"}
,"/Users/andrew/Desktop/Hack Reactor/FEC/src/components/qa/PhotoList.jsx": {"path":"/Users/andrew/Desktop/Hack Reactor/FEC/src/components/qa/PhotoList.jsx","statementMap":{"0":{"start":{"line":5,"column":2},"end":{"line":10,"column":4}}},"fnMap":{"0":{"name":"PhotoList","decl":{"start":{"line":4,"column":24},"end":{"line":4,"column":33}},"loc":{"start":{"line":4,"column":45},"end":{"line":11,"column":1}},"line":4}},"branchMap":{},"s":{"0":0},"f":{"0":0},"b":{},"_coverageSchema":"1a1c01bbd47fc00a2c39e90264f33305004495a9","hash":"7eb3e7e8a16d63c623e07d39cca7cd3cba7364fc"}
,"/Users/andrew/Desktop/Hack Reactor/FEC/src/components/qa/QuestionList.jsx": {"path":"/Users/andrew/Desktop/Hack Reactor/FEC/src/components/qa/QuestionList.jsx","statementMap":{"0":{"start":{"line":11,"column":30},"end":{"line":11,"column":44}},"1":{"start":{"line":12,"column":30},"end":{"line":12,"column":45}},"2":{"start":{"line":13,"column":32},"end":{"line":13,"column":43}},"3":{"start":{"line":14,"column":25},"end":{"line":14,"column":45}},"4":{"start":{"line":15,"column":39},"end":{"line":15,"column":51}},"5":{"start":{"line":17,"column":24},"end":{"line":17,"column":59}},"6":{"start":{"line":19,"column":2},"end":{"line":24,"column":5}},"7":{"start":{"line":20,"column":4},"end":{"line":23,"column":5}},"8":{"start":{"line":21,"column":6},"end":{"line":21,"column":21}},"9":{"start":{"line":22,"column":6},"end":{"line":22,"column":20}},"10":{"start":{"line":26,"column":2},"end":{"line":28,"column":5}},"11":{"start":{"line":27,"column":4},"end":{"line":27,"column":132}},"12":{"start":{"line":27,"column":46},"end":{"line":27,"column":128}},"13":{"start":{"line":30,"column":24},"end":{"line":33,"column":3}},"14":{"start":{"line":31,"column":4},"end":{"line":31,"column":28}},"15":{"start":{"line":32,"column":4},"end":{"line":32,"column":60}},"16":{"start":{"line":34,"column":26},"end":{"line":39,"column":3}},"17":{"start":{"line":35,"column":4},"end":{"line":35,"column":14}},"18":{"start":{"line":36,"column":4},"end":{"line":36,"column":18}},"19":{"start":{"line":37,"column":4},"end":{"line":37,"column":60}},"20":{"start":{"line":38,"column":4},"end":{"line":38,"column":19}},"21":{"start":{"line":41,"column":2},"end":{"line":50,"column":4}},"22":{"start":{"line":43,"column":42},"end":{"line":43,"column":102}}},"fnMap":{"0":{"name":"QuestionList","decl":{"start":{"line":10,"column":24},"end":{"line":10,"column":36}},"loc":{"start":{"line":10,"column":56},"end":{"line":51,"column":1}},"line":10},"1":{"name":"(anonymous_1)","decl":{"start":{"line":19,"column":12},"end":{"line":19,"column":13}},"loc":{"start":{"line":19,"column":18},"end":{"line":24,"column":3}},"line":19},"2":{"name":"(anonymous_2)","decl":{"start":{"line":26,"column":12},"end":{"line":26,"column":13}},"loc":{"start":{"line":26,"column":18},"end":{"line":28,"column":3}},"line":26},"3":{"name":"(anonymous_3)","decl":{"start":{"line":27,"column":33},"end":{"line":27,"column":34}},"loc":{"start":{"line":27,"column":46},"end":{"line":27,"column":128}},"line":27},"4":{"name":"(anonymous_4)","decl":{"start":{"line":30,"column":24},"end":{"line":30,"column":25}},"loc":{"start":{"line":30,"column":30},"end":{"line":33,"column":3}},"line":30},"5":{"name":"(anonymous_5)","decl":{"start":{"line":34,"column":26},"end":{"line":34,"column":27}},"loc":{"start":{"line":34,"column":32},"end":{"line":39,"column":3}},"line":34},"6":{"name":"(anonymous_6)","decl":{"start":{"line":43,"column":27},"end":{"line":43,"column":28}},"loc":{"start":{"line":43,"column":42},"end":{"line":43,"column":102}},"line":43}},"branchMap":{"0":{"loc":{"start":{"line":20,"column":4},"end":{"line":23,"column":5}},"type":"if","locations":[{"start":{"line":20,"column":4},"end":{"line":23,"column":5}},{"start":{},"end":{}}],"line":20},"1":{"loc":{"start":{"line":27,"column":46},"end":{"line":27,"column":128}},"type":"cond-expr","locations":[{"start":{"line":27,"column":82},"end":{"line":27,"column":83}},{"start":{"line":27,"column":86},"end":{"line":27,"column":128}}],"line":27},"2":{"loc":{"start":{"line":27,"column":86},"end":{"line":27,"column":128}},"type":"cond-expr","locations":[{"start":{"line":27,"column":122},"end":{"line":27,"column":124}},{"start":{"line":27,"column":127},"end":{"line":27,"column":128}}],"line":27},"3":{"loc":{"start":{"line":45,"column":10},"end":{"line":45,"column":107}},"type":"cond-expr","locations":[{"start":{"line":45,"column":21},"end":{"line":45,"column":100}},{"start":{"line":45,"column":103},"end":{"line":45,"column":107}}],"line":45},"4":{"loc":{"start":{"line":46,"column":9},"end":{"line":46,"column":88}},"type":"cond-expr","locations":[{"start":{"line":46,"column":20},"end":{"line":46,"column":81}},{"start":{"line":46,"column":84},"end":{"line":46,"column":88}}],"line":46}},"s":{"0":0,"1":0,"2":0,"3":0,"4":0,"5":0,"6":0,"7":0,"8":0,"9":0,"10":0,"11":0,"12":0,"13":0,"14":0,"15":0,"16":0,"17":0,"18":0,"19":0,"20":0,"21":0,"22":0},"f":{"0":0,"1":0,"2":0,"3":0,"4":0,"5":0,"6":0},"b":{"0":[0,0],"1":[0,0],"2":[0,0],"3":[0,0],"4":[0,0]},"_coverageSchema":"1a1c01bbd47fc00a2c39e90264f33305004495a9","hash":"0a3a75c9ce7f3b0664e8b33b0e8c6d00f1b068df"}
,"/Users/andrew/Desktop/Hack Reactor/FEC/src/components/qa/QuestionListItem.jsx": {"path":"/Users/andrew/Desktop/Hack Reactor/FEC/src/components/qa/QuestionListItem.jsx","statementMap":{"0":{"start":{"line":9,"column":31},"end":{"line":9,"column":43}},"1":{"start":{"line":10,"column":29},"end":{"line":10,"column":43}},"2":{"start":{"line":11,"column":26},"end":{"line":11,"column":27}},"3":{"start":{"line":13,"column":2},"end":{"line":19,"column":9}},"4":{"start":{"line":14,"column":4},"end":{"line":18,"column":7}},"5":{"start":{"line":15,"column":21},"end":{"line":15,"column":33}},"6":{"start":{"line":16,"column":6},"end":{"line":16,"column":21}},"7":{"start":{"line":17,"column":6},"end":{"line":17,"column":21}},"8":{"start":{"line":21,"column":2},"end":{"line":34,"column":3}},"9":{"start":{"line":22,"column":4},"end":{"line":33,"column":6}}},"fnMap":{"0":{"name":"QuestionListItem","decl":{"start":{"line":8,"column":24},"end":{"line":8,"column":40}},"loc":{"start":{"line":8,"column":48},"end":{"line":35,"column":1}},"line":8},"1":{"name":"(anonymous_1)","decl":{"start":{"line":13,"column":12},"end":{"line":13,"column":13}},"loc":{"start":{"line":13,"column":18},"end":{"line":19,"column":3}},"line":13},"2":{"name":"(anonymous_2)","decl":{"start":{"line":14,"column":81},"end":{"line":14,"column":82}},"loc":{"start":{"line":14,"column":95},"end":{"line":18,"column":5}},"line":14}},"branchMap":{"0":{"loc":{"start":{"line":21,"column":2},"end":{"line":34,"column":3}},"type":"if","locations":[{"start":{"line":21,"column":2},"end":{"line":34,"column":3}},{"start":{},"end":{}}],"line":21}},"s":{"0":0,"1":0,"2":0,"3":0,"4":0,"5":0,"6":0,"7":0,"8":0,"9":0},"f":{"0":0,"1":0,"2":0},"b":{"0":[0,0]},"_coverageSchema":"1a1c01bbd47fc00a2c39e90264f33305004495a9","hash":"5fd4363bc49e739b765a3a7ae8cc910390a8da07"}
,"/Users/andrew/Desktop/Hack Reactor/FEC/src/components/qa/QuestionsAnswers.jsx": {"path":"/Users/andrew/Desktop/Hack Reactor/FEC/src/components/qa/QuestionsAnswers.jsx","statementMap":{"0":{"start":{"line":12,"column":29},"end":{"line":12,"column":46}},"1":{"start":{"line":13,"column":36},"end":{"line":13,"column":48}},"2":{"start":{"line":14,"column":32},"end":{"line":14,"column":46}},"3":{"start":{"line":16,"column":2},"end":{"line":23,"column":9}},"4":{"start":{"line":17,"column":4},"end":{"line":22,"column":7}},"5":{"start":{"line":18,"column":21},"end":{"line":18,"column":33}},"6":{"start":{"line":19,"column":6},"end":{"line":19,"column":24}},"7":{"start":{"line":21,"column":6},"end":{"line":21,"column":27}},"8":{"start":{"line":25,"column":2},"end":{"line":39,"column":3}},"9":{"start":{"line":26,"column":4},"end":{"line":38,"column":6}}},"fnMap":{"0":{"name":"QuestionsAnswers","decl":{"start":{"line":11,"column":24},"end":{"line":11,"column":40}},"loc":{"start":{"line":11,"column":43},"end":{"line":40,"column":1}},"line":11},"1":{"name":"(anonymous_1)","decl":{"start":{"line":16,"column":12},"end":{"line":16,"column":13}},"loc":{"start":{"line":16,"column":18},"end":{"line":23,"column":3}},"line":16},"2":{"name":"(anonymous_2)","decl":{"start":{"line":17,"column":81},"end":{"line":17,"column":82}},"loc":{"start":{"line":17,"column":95},"end":{"line":22,"column":5}},"line":17}},"branchMap":{"0":{"loc":{"start":{"line":25,"column":2},"end":{"line":39,"column":3}},"type":"if","locations":[{"start":{"line":25,"column":2},"end":{"line":39,"column":3}},{"start":{},"end":{}}],"line":25},"1":{"loc":{"start":{"line":33,"column":8},"end":{"line":35,"column":16}},"type":"cond-expr","locations":[{"start":{"line":34,"column":12},"end":{"line":34,"column":54}},{"start":{"line":35,"column":12},"end":{"line":35,"column":16}}],"line":33}},"s":{"0":1,"1":1,"2":1,"3":1,"4":1,"5":0,"6":0,"7":0,"8":1,"9":0},"f":{"0":1,"1":1,"2":0},"b":{"0":[0,1],"1":[0,0]},"_coverageSchema":"1a1c01bbd47fc00a2c39e90264f33305004495a9","hash":"cda38cf6b29c6236b5d08e3a53289efbe9649357"}
,"/Users/andrew/Desktop/Hack Reactor/FEC/src/components/qa/ReportButton.jsx": {"path":"/Users/andrew/Desktop/Hack Reactor/FEC/src/components/qa/ReportButton.jsx","statementMap":{"0":{"start":{"line":4,"column":34},"end":{"line":4,"column":49}},"1":{"start":{"line":5,"column":20},"end":{"line":7,"column":3}},"2":{"start":{"line":6,"column":4},"end":{"line":6,"column":22}},"3":{"start":{"line":8,"column":2},"end":{"line":13,"column":4}}},"fnMap":{"0":{"name":"ReportButton","decl":{"start":{"line":3,"column":24},"end":{"line":3,"column":36}},"loc":{"start":{"line":3,"column":39},"end":{"line":14,"column":1}},"line":3},"1":{"name":"(anonymous_1)","decl":{"start":{"line":5,"column":20},"end":{"line":5,"column":21}},"loc":{"start":{"line":5,"column":26},"end":{"line":7,"column":3}},"line":5}},"branchMap":{"0":{"loc":{"start":{"line":10,"column":7},"end":{"line":10,"column":69}},"type":"cond-expr","locations":[{"start":{"line":10,"column":18},"end":{"line":10,"column":62}},{"start":{"line":10,"column":65},"end":{"line":10,"column":69}}],"line":10},"1":{"loc":{"start":{"line":11,"column":7},"end":{"line":11,"column":110}},"type":"cond-expr","locations":[{"start":{"line":11,"column":19},"end":{"line":11,"column":103}},{"start":{"line":11,"column":106},"end":{"line":11,"column":110}}],"line":11}},"s":{"0":0,"1":0,"2":0,"3":0},"f":{"0":0,"1":0},"b":{"0":[0,0],"1":[0,0]},"_coverageSchema":"1a1c01bbd47fc00a2c39e90264f33305004495a9","hash":"d35fcd00c48329a99427abb2db304dd73b9f5e77"}
,"/Users/andrew/Desktop/Hack Reactor/FEC/src/components/qa/Search.jsx": {"path":"/Users/andrew/Desktop/Hack Reactor/FEC/src/components/qa/Search.jsx","statementMap":{"0":{"start":{"line":6,"column":30},"end":{"line":6,"column":42}},"1":{"start":{"line":8,"column":21},"end":{"line":12,"column":3}},"2":{"start":{"line":9,"column":4},"end":{"line":11,"column":5}},"3":{"start":{"line":13,"column":20},"end":{"line":16,"column":3}},"4":{"start":{"line":14,"column":4},"end":{"line":14,"column":34}},"5":{"start":{"line":15,"column":4},"end":{"line":15,"column":23}},"6":{"start":{"line":18,"column":2},"end":{"line":24,"column":4}}},"fnMap":{"0":{"name":"Search","decl":{"start":{"line":5,"column":9},"end":{"line":5,"column":15}},"loc":{"start":{"line":5,"column":23},"end":{"line":25,"column":1}},"line":5},"1":{"name":"(anonymous_1)","decl":{"start":{"line":8,"column":21},"end":{"line":8,"column":22}},"loc":{"start":{"line":8,"column":36},"end":{"line":12,"column":3}},"line":8},"2":{"name":"(anonymous_2)","decl":{"start":{"line":13,"column":20},"end":{"line":13,"column":21}},"loc":{"start":{"line":13,"column":31},"end":{"line":16,"column":3}},"line":13}},"branchMap":{"0":{"loc":{"start":{"line":9,"column":4},"end":{"line":11,"column":5}},"type":"if","locations":[{"start":{"line":9,"column":4},"end":{"line":11,"column":5}},{"start":{},"end":{}}],"line":9}},"s":{"0":0,"1":0,"2":0,"3":0,"4":0,"5":0,"6":0},"f":{"0":0,"1":0,"2":0},"b":{"0":[0,0]},"_coverageSchema":"1a1c01bbd47fc00a2c39e90264f33305004495a9","hash":"2e4353ca51aaa4ca5d015a668d872b34968cd8ae"}
,"/Users/andrew/Desktop/Hack Reactor/FEC/src/components/ratings_reviews/RatingsReviews.jsx": {"path":"/Users/andrew/Desktop/Hack Reactor/FEC/src/components/ratings_reviews/RatingsReviews.jsx","statementMap":{"0":{"start":{"line":7,"column":31},"end":{"line":13,"column":1}},"1":{"start":{"line":17,"column":46},"end":{"line":17,"column":58}},"2":{"start":{"line":18,"column":46},"end":{"line":18,"column":58}},"3":{"start":{"line":19,"column":38},"end":{"line":19,"column":70}},"4":{"start":{"line":20,"column":30},"end":{"line":20,"column":51}},"5":{"start":{"line":21,"column":34},"end":{"line":21,"column":46}},"6":{"start":{"line":23,"column":2},"end":{"line":34,"column":25}},"7":{"start":{"line":24,"column":4},"end":{"line":33,"column":9}},"8":{"start":{"line":30,"column":24},"end":{"line":30,"column":36}},"9":{"start":{"line":32,"column":8},"end":{"line":32,"column":40}},"10":{"start":{"line":36,"column":2},"end":{"line":40,"column":17}},"11":{"start":{"line":37,"column":4},"end":{"line":39,"column":7}},"12":{"start":{"line":38,"column":6},"end":{"line":38,"column":30}},"13":{"start":{"line":42,"column":26},"end":{"line":44,"column":3}},"14":{"start":{"line":43,"column":4},"end":{"line":43,"column":72}},"15":{"start":{"line":46,"column":26},"end":{"line":48,"column":3}},"16":{"start":{"line":47,"column":4},"end":{"line":47,"column":30}},"17":{"start":{"line":50,"column":2},"end":{"line":68,"column":4}}},"fnMap":{"0":{"name":"RatingsReviews","decl":{"start":{"line":16,"column":24},"end":{"line":16,"column":38}},"loc":{"start":{"line":16,"column":67},"end":{"line":69,"column":1}},"line":16},"1":{"name":"(anonymous_1)","decl":{"start":{"line":23,"column":12},"end":{"line":23,"column":13}},"loc":{"start":{"line":23,"column":18},"end":{"line":34,"column":3}},"line":23},"2":{"name":"(anonymous_2)","decl":{"start":{"line":29,"column":12},"end":{"line":29,"column":13}},"loc":{"start":{"line":29,"column":26},"end":{"line":33,"column":7}},"line":29},"3":{"name":"(anonymous_3)","decl":{"start":{"line":36,"column":12},"end":{"line":36,"column":13}},"loc":{"start":{"line":36,"column":18},"end":{"line":40,"column":3}},"line":36},"4":{"name":"(anonymous_4)","decl":{"start":{"line":37,"column":57},"end":{"line":37,"column":58}},"loc":{"start":{"line":37,"column":71},"end":{"line":39,"column":5}},"line":37},"5":{"name":"(anonymous_5)","decl":{"start":{"line":42,"column":26},"end":{"line":42,"column":27}},"loc":{"start":{"line":42,"column":40},"end":{"line":44,"column":3}},"line":42},"6":{"name":"(anonymous_6)","decl":{"start":{"line":46,"column":26},"end":{"line":46,"column":27}},"loc":{"start":{"line":46,"column":33},"end":{"line":48,"column":3}},"line":46}},"branchMap":{"0":{"loc":{"start":{"line":55,"column":10},"end":{"line":65,"column":11}},"type":"binary-expr","locations":[{"start":{"line":55,"column":10},"end":{"line":55,"column":31}},{"start":{"line":57,"column":12},"end":{"line":64,"column":14}}],"line":55}},"s":{"0":1,"1":1,"2":1,"3":1,"4":1,"5":1,"6":1,"7":1,"8":0,"9":0,"10":1,"11":1,"12":0,"13":1,"14":0,"15":1,"16":0,"17":1},"f":{"0":1,"1":1,"2":0,"3":1,"4":0,"5":0,"6":0},"b":{"0":[1,0]},"_coverageSchema":"1a1c01bbd47fc00a2c39e90264f33305004495a9","hash":"3d267e61e968d8a13db5cd3a5c923c1b75097b41"}
,"/Users/andrew/Desktop/Hack Reactor/FEC/src/components/ratings_reviews/modals/Characteristic.jsx": {"path":"/Users/andrew/Desktop/Hack Reactor/FEC/src/components/ratings_reviews/modals/Characteristic.jsx","statementMap":{"0":{"start":{"line":9,"column":2},"end":{"line":48,"column":4}},"1":{"start":{"line":19,"column":28},"end":{"line":19,"column":51}},"2":{"start":{"line":26,"column":62},"end":{"line":26,"column":85}},"3":{"start":{"line":32,"column":62},"end":{"line":32,"column":85}},"4":{"start":{"line":38,"column":62},"end":{"line":38,"column":85}},"5":{"start":{"line":44,"column":62},"end":{"line":44,"column":85}}},"fnMap":{"0":{"name":"Characteristic","decl":{"start":{"line":6,"column":24},"end":{"line":6,"column":38}},"loc":{"start":{"line":6,"column":91},"end":{"line":49,"column":1}},"line":6},"1":{"name":"(anonymous_1)","decl":{"start":{"line":19,"column":22},"end":{"line":19,"column":23}},"loc":{"start":{"line":19,"column":28},"end":{"line":19,"column":51}},"line":19},"2":{"name":"(anonymous_2)","decl":{"start":{"line":26,"column":56},"end":{"line":26,"column":57}},"loc":{"start":{"line":26,"column":62},"end":{"line":26,"column":85}},"line":26},"3":{"name":"(anonymous_3)","decl":{"start":{"line":32,"column":56},"end":{"line":32,"column":57}},"loc":{"start":{"line":32,"column":62},"end":{"line":32,"column":85}},"line":32},"4":{"name":"(anonymous_4)","decl":{"start":{"line":38,"column":56},"end":{"line":38,"column":57}},"loc":{"start":{"line":38,"column":62},"end":{"line":38,"column":85}},"line":38},"5":{"name":"(anonymous_5)","decl":{"start":{"line":44,"column":56},"end":{"line":44,"column":57}},"loc":{"start":{"line":44,"column":62},"end":{"line":44,"column":85}},"line":44}},"branchMap":{},"s":{"0":0,"1":0,"2":0,"3":0,"4":0,"5":0},"f":{"0":0,"1":0,"2":0,"3":0,"4":0,"5":0},"b":{},"_coverageSchema":"1a1c01bbd47fc00a2c39e90264f33305004495a9","hash":"093ad9eb6e3b896e112afe86fd6ff765c6bce343"}
,"/Users/andrew/Desktop/Hack Reactor/FEC/src/components/ratings_reviews/modals/ReviewErrorMessage.jsx": {"path":"/Users/andrew/Desktop/Hack Reactor/FEC/src/components/ratings_reviews/modals/ReviewErrorMessage.jsx","statementMap":{"0":{"start":{"line":4,"column":2},"end":{"line":12,"column":4}}},"fnMap":{"0":{"name":"ReviewErrorMessage","decl":{"start":{"line":3,"column":24},"end":{"line":3,"column":42}},"loc":{"start":{"line":3,"column":45},"end":{"line":13,"column":1}},"line":3}},"branchMap":{},"s":{"0":1},"f":{"0":1},"b":{},"_coverageSchema":"1a1c01bbd47fc00a2c39e90264f33305004495a9","hash":"a77e69159d8e0bd718c56361f4b070053e10201d"}
,"/Users/andrew/Desktop/Hack Reactor/FEC/src/components/ratings_reviews/modals/ReviewModal.jsx": {"path":"/Users/andrew/Desktop/Hack Reactor/FEC/src/components/ratings_reviews/modals/ReviewModal.jsx","statementMap":{"0":{"start":{"line":14,"column":38},"end":{"line":14,"column":49}},"1":{"start":{"line":15,"column":44},"end":{"line":15,"column":56}},"2":{"start":{"line":16,"column":38},"end":{"line":16,"column":50}},"3":{"start":{"line":17,"column":40},"end":{"line":17,"column":54}},"4":{"start":{"line":18,"column":34},"end":{"line":18,"column":46}},"5":{"start":{"line":19,"column":28},"end":{"line":19,"column":40}},"6":{"start":{"line":20,"column":30},"end":{"line":20,"column":42}},"7":{"start":{"line":21,"column":40},"end":{"line":21,"column":52}},"8":{"start":{"line":23,"column":42},"end":{"line":23,"column":57}},"9":{"start":{"line":24,"column":19},"end":{"line":24,"column":31}},"10":{"start":{"line":25,"column":26},"end":{"line":25,"column":38}},"11":{"start":{"line":28,"column":2},"end":{"line":32,"column":21}},"12":{"start":{"line":29,"column":4},"end":{"line":31,"column":5}},"13":{"start":{"line":30,"column":6},"end":{"line":30,"column":62}},"14":{"start":{"line":34,"column":28},"end":{"line":36,"column":3}},"15":{"start":{"line":35,"column":4},"end":{"line":35,"column":50}},"16":{"start":{"line":38,"column":23},"end":{"line":62,"column":3}},"17":{"start":{"line":39,"column":4},"end":{"line":39,"column":23}},"18":{"start":{"line":40,"column":4},"end":{"line":61,"column":5}},"19":{"start":{"line":41,"column":6},"end":{"line":41,"column":28}},"20":{"start":{"line":43,"column":6},"end":{"line":43,"column":29}},"21":{"start":{"line":44,"column":6},"end":{"line":44,"column":32}},"22":{"start":{"line":45,"column":6},"end":{"line":45,"column":38}},"23":{"start":{"line":46,"column":6},"end":{"line":60,"column":9}},"24":{"start":{"line":59,"column":8},"end":{"line":59,"column":24}},"25":{"start":{"line":81,"column":25},"end":{"line":81,"column":121}},"26":{"start":{"line":82,"column":26},"end":{"line":82,"column":99}},"27":{"start":{"line":83,"column":28},"end":{"line":83,"column":103}},"28":{"start":{"line":84,"column":28},"end":{"line":84,"column":99}},"29":{"start":{"line":85,"column":27},"end":{"line":85,"column":110}},"30":{"start":{"line":86,"column":24},"end":{"line":86,"column":107}},"31":{"start":{"line":88,"column":20},"end":{"line":88,"column":63}},"32":{"start":{"line":89,"column":20},"end":{"line":107,"column":4}},"33":{"start":{"line":90,"column":20},"end":{"line":90,"column":59}},"34":{"start":{"line":93,"column":4},"end":{"line":105,"column":5}},"35":{"start":{"line":94,"column":6},"end":{"line":94,"column":152}},"36":{"start":{"line":95,"column":11},"end":{"line":105,"column":5}},"37":{"start":{"line":96,"column":6},"end":{"line":96,"column":154}},"38":{"start":{"line":97,"column":11},"end":{"line":105,"column":5}},"39":{"start":{"line":98,"column":6},"end":{"line":98,"column":158}},"40":{"start":{"line":99,"column":11},"end":{"line":105,"column":5}},"41":{"start":{"line":100,"column":6},"end":{"line":100,"column":158}},"42":{"start":{"line":101,"column":11},"end":{"line":105,"column":5}},"43":{"start":{"line":102,"column":6},"end":{"line":102,"column":156}},"44":{"start":{"line":103,"column":11},"end":{"line":105,"column":5}},"45":{"start":{"line":104,"column":6},"end":{"line":104,"column":150}},"46":{"start":{"line":106,"column":4},"end":{"line":106,"column":24}},"47":{"start":{"line":109,"column":34},"end":{"line":113,"column":3}},"48":{"start":{"line":110,"column":4},"end":{"line":112,"column":5}},"49":{"start":{"line":111,"column":6},"end":{"line":111,"column":32}},"50":{"start":{"line":115,"column":2},"end":{"line":207,"column":4}},"51":{"start":{"line":118,"column":22},"end":{"line":118,"column":48}},"52":{"start":{"line":142,"column":86},"end":{"line":142,"column":106}},"53":{"start":{"line":146,"column":77},"end":{"line":146,"column":98}},"54":{"start":{"line":167,"column":114},"end":{"line":167,"column":141}},"55":{"start":{"line":172,"column":136},"end":{"line":172,"column":160}},"56":{"start":{"line":180,"column":120},"end":{"line":180,"column":152}},"57":{"start":{"line":186,"column":184},"end":{"line":186,"column":213}}},"fnMap":{"0":{"name":"ReviewModal","decl":{"start":{"line":12,"column":24},"end":{"line":12,"column":35}},"loc":{"start":{"line":12,"column":89},"end":{"line":208,"column":1}},"line":12},"1":{"name":"(anonymous_1)","decl":{"start":{"line":28,"column":12},"end":{"line":28,"column":13}},"loc":{"start":{"line":28,"column":18},"end":{"line":32,"column":3}},"line":28},"2":{"name":"(anonymous_2)","decl":{"start":{"line":34,"column":28},"end":{"line":34,"column":29}},"loc":{"start":{"line":34,"column":41},"end":{"line":36,"column":3}},"line":34},"3":{"name":"(anonymous_3)","decl":{"start":{"line":38,"column":23},"end":{"line":38,"column":24}},"loc":{"start":{"line":38,"column":30},"end":{"line":62,"column":3}},"line":38},"4":{"name":"(anonymous_4)","decl":{"start":{"line":58,"column":14},"end":{"line":58,"column":15}},"loc":{"start":{"line":58,"column":20},"end":{"line":60,"column":7}},"line":58},"5":{"name":"(anonymous_5)","decl":{"start":{"line":89,"column":34},"end":{"line":89,"column":35}},"loc":{"start":{"line":89,"column":44},"end":{"line":107,"column":3}},"line":89},"6":{"name":"(anonymous_6)","decl":{"start":{"line":109,"column":34},"end":{"line":109,"column":35}},"loc":{"start":{"line":109,"column":41},"end":{"line":113,"column":3}},"line":109},"7":{"name":"(anonymous_7)","decl":{"start":{"line":118,"column":15},"end":{"line":118,"column":16}},"loc":{"start":{"line":118,"column":22},"end":{"line":118,"column":48}},"line":118},"8":{"name":"(anonymous_8)","decl":{"start":{"line":142,"column":80},"end":{"line":142,"column":81}},"loc":{"start":{"line":142,"column":86},"end":{"line":142,"column":106}},"line":142},"9":{"name":"(anonymous_9)","decl":{"start":{"line":146,"column":71},"end":{"line":146,"column":72}},"loc":{"start":{"line":146,"column":77},"end":{"line":146,"column":98}},"line":146},"10":{"name":"(anonymous_10)","decl":{"start":{"line":167,"column":107},"end":{"line":167,"column":108}},"loc":{"start":{"line":167,"column":114},"end":{"line":167,"column":141}},"line":167},"11":{"name":"(anonymous_11)","decl":{"start":{"line":172,"column":129},"end":{"line":172,"column":130}},"loc":{"start":{"line":172,"column":136},"end":{"line":172,"column":160}},"line":172},"12":{"name":"(anonymous_12)","decl":{"start":{"line":180,"column":113},"end":{"line":180,"column":114}},"loc":{"start":{"line":180,"column":120},"end":{"line":180,"column":152}},"line":180},"13":{"name":"(anonymous_13)","decl":{"start":{"line":186,"column":177},"end":{"line":186,"column":178}},"loc":{"start":{"line":186,"column":184},"end":{"line":186,"column":213}},"line":186}},"branchMap":{"0":{"loc":{"start":{"line":29,"column":4},"end":{"line":31,"column":5}},"type":"if","locations":[{"start":{"line":29,"column":4},"end":{"line":31,"column":5}},{"start":{},"end":{}}],"line":29},"1":{"loc":{"start":{"line":40,"column":4},"end":{"line":61,"column":5}},"type":"if","locations":[{"start":{"line":40,"column":4},"end":{"line":61,"column":5}},{"start":{"line":42,"column":11},"end":{"line":61,"column":5}}],"line":40},"2":{"loc":{"start":{"line":40,"column":8},"end":{"line":40,"column":45}},"type":"binary-expr","locations":[{"start":{"line":40,"column":8},"end":{"line":40,"column":30}},{"start":{"line":40,"column":34},"end":{"line":40,"column":45}}],"line":40},"3":{"loc":{"start":{"line":93,"column":4},"end":{"line":105,"column":5}},"type":"if","locations":[{"start":{"line":93,"column":4},"end":{"line":105,"column":5}},{"start":{"line":95,"column":11},"end":{"line":105,"column":5}}],"line":93},"4":{"loc":{"start":{"line":95,"column":11},"end":{"line":105,"column":5}},"type":"if","locations":[{"start":{"line":95,"column":11},"end":{"line":105,"column":5}},{"start":{"line":97,"column":11},"end":{"line":105,"column":5}}],"line":95},"5":{"loc":{"start":{"line":97,"column":11},"end":{"line":105,"column":5}},"type":"if","locations":[{"start":{"line":97,"column":11},"end":{"line":105,"column":5}},{"start":{"line":99,"column":11},"end":{"line":105,"column":5}}],"line":97},"6":{"loc":{"start":{"line":99,"column":11},"end":{"line":105,"column":5}},"type":"if","locations":[{"start":{"line":99,"column":11},"end":{"line":105,"column":5}},{"start":{"line":101,"column":11},"end":{"line":105,"column":5}}],"line":99},"7":{"loc":{"start":{"line":101,"column":11},"end":{"line":105,"column":5}},"type":"if","locations":[{"start":{"line":101,"column":11},"end":{"line":105,"column":5}},{"start":{"line":103,"column":11},"end":{"line":105,"column":5}}],"line":101},"8":{"loc":{"start":{"line":103,"column":11},"end":{"line":105,"column":5}},"type":"if","locations":[{"start":{"line":103,"column":11},"end":{"line":105,"column":5}},{"start":{},"end":{}}],"line":103},"9":{"loc":{"start":{"line":110,"column":4},"end":{"line":112,"column":5}},"type":"if","locations":[{"start":{"line":110,"column":4},"end":{"line":112,"column":5}},{"start":{},"end":{}}],"line":110},"10":{"loc":{"start":{"line":188,"column":19},"end":{"line":188,"column":130}},"type":"cond-expr","locations":[{"start":{"line":188,"column":45},"end":{"line":188,"column":110}},{"start":{"line":188,"column":113},"end":{"line":188,"column":130}}],"line":188},"11":{"loc":{"start":{"line":201,"column":15},"end":{"line":201,"column":59}},"type":"cond-expr","locations":[{"start":{"line":201,"column":30},"end":{"line":201,"column":52}},{"start":{"line":201,"column":55},"end":{"line":201,"column":59}}],"line":201}},"s":{"0":0,"1":0,"2":0,"3":0,"4":0,"5":0,"6":0,"7":0,"8":0,"9":0,"10":0,"11":0,"12":0,"13":0,"14":0,"15":0,"16":0,"17":0,"18":0,"19":0,"20":0,"21":0,"22":0,"23":0,"24":0,"25":0,"26":0,"27":0,"28":0,"29":0,"30":0,"31":0,"32":0,"33":0,"34":0,"35":0,"36":0,"37":0,"38":0,"39":0,"40":0,"41":0,"42":0,"43":0,"44":0,"45":0,"46":0,"47":0,"48":0,"49":0,"50":0,"51":0,"52":0,"53":0,"54":0,"55":0,"56":0,"57":0},"f":{"0":0,"1":0,"2":0,"3":0,"4":0,"5":0,"6":0,"7":0,"8":0,"9":0,"10":0,"11":0,"12":0,"13":0},"b":{"0":[0,0],"1":[0,0],"2":[0,0],"3":[0,0],"4":[0,0],"5":[0,0],"6":[0,0],"7":[0,0],"8":[0,0],"9":[0,0],"10":[0,0],"11":[0,0]},"_coverageSchema":"1a1c01bbd47fc00a2c39e90264f33305004495a9","hash":"f2e061be85ebad28a8304fc99c17c9c307f64d28"}
,"/Users/andrew/Desktop/Hack Reactor/FEC/src/components/ratings_reviews/modals/StarMeaning.jsx": {"path":"/Users/andrew/Desktop/Hack Reactor/FEC/src/components/ratings_reviews/modals/StarMeaning.jsx","statementMap":{"0":{"start":{"line":6,"column":2},"end":{"line":18,"column":3}},"1":{"start":{"line":7,"column":4},"end":{"line":7,"column":33}},"2":{"start":{"line":8,"column":9},"end":{"line":18,"column":3}},"3":{"start":{"line":9,"column":4},"end":{"line":9,"column":39}},"4":{"start":{"line":10,"column":9},"end":{"line":18,"column":3}},"5":{"start":{"line":11,"column":4},"end":{"line":11,"column":39}},"6":{"start":{"line":12,"column":9},"end":{"line":18,"column":3}},"7":{"start":{"line":13,"column":4},"end":{"line":13,"column":42}},"8":{"start":{"line":14,"column":9},"end":{"line":18,"column":3}},"9":{"start":{"line":15,"column":4},"end":{"line":15,"column":39}},"10":{"start":{"line":16,"column":9},"end":{"line":18,"column":3}},"11":{"start":{"line":17,"column":4},"end":{"line":17,"column":40}},"12":{"start":{"line":20,"column":2},"end":{"line":24,"column":4}}},"fnMap":{"0":{"name":"StarMeaning","decl":{"start":{"line":3,"column":24},"end":{"line":3,"column":35}},"loc":{"start":{"line":3,"column":47},"end":{"line":25,"column":1}},"line":3}},"branchMap":{"0":{"loc":{"start":{"line":6,"column":2},"end":{"line":18,"column":3}},"type":"if","locations":[{"start":{"line":6,"column":2},"end":{"line":18,"column":3}},{"start":{"line":8,"column":9},"end":{"line":18,"column":3}}],"line":6},"1":{"loc":{"start":{"line":8,"column":9},"end":{"line":18,"column":3}},"type":"if","locations":[{"start":{"line":8,"column":9},"end":{"line":18,"column":3}},{"start":{"line":10,"column":9},"end":{"line":18,"column":3}}],"line":8},"2":{"loc":{"start":{"line":10,"column":9},"end":{"line":18,"column":3}},"type":"if","locations":[{"start":{"line":10,"column":9},"end":{"line":18,"column":3}},{"start":{"line":12,"column":9},"end":{"line":18,"column":3}}],"line":10},"3":{"loc":{"start":{"line":12,"column":9},"end":{"line":18,"column":3}},"type":"if","locations":[{"start":{"line":12,"column":9},"end":{"line":18,"column":3}},{"start":{"line":14,"column":9},"end":{"line":18,"column":3}}],"line":12},"4":{"loc":{"start":{"line":14,"column":9},"end":{"line":18,"column":3}},"type":"if","locations":[{"start":{"line":14,"column":9},"end":{"line":18,"column":3}},{"start":{"line":16,"column":9},"end":{"line":18,"column":3}}],"line":14},"5":{"loc":{"start":{"line":16,"column":9},"end":{"line":18,"column":3}},"type":"if","locations":[{"start":{"line":16,"column":9},"end":{"line":18,"column":3}},{"start":{},"end":{}}],"line":16}},"s":{"0":0,"1":0,"2":0,"3":0,"4":0,"5":0,"6":0,"7":0,"8":0,"9":0,"10":0,"11":0,"12":0},"f":{"0":0},"b":{"0":[0,0],"1":[0,0],"2":[0,0],"3":[0,0],"4":[0,0],"5":[0,0]},"_coverageSchema":"1a1c01bbd47fc00a2c39e90264f33305004495a9","hash":"f4a3de7710b555fb67890ead0d8ac9d9a866d042"}
,"/Users/andrew/Desktop/Hack Reactor/FEC/src/components/ratings_reviews/modals/StarRatingReview.jsx": {"path":"/Users/andrew/Desktop/Hack Reactor/FEC/src/components/ratings_reviews/modals/StarRatingReview.jsx","statementMap":{"0":{"start":{"line":5,"column":17},"end":{"line":5,"column":19}},"1":{"start":{"line":7,"column":2},"end":{"line":14,"column":3}},"2":{"start":{"line":7,"column":15},"end":{"line":7,"column":16}},"3":{"start":{"line":8,"column":4},"end":{"line":13,"column":5}},"4":{"start":{"line":9,"column":20},"end":{"line":9,"column":61}},"5":{"start":{"line":10,"column":6},"end":{"line":10,"column":25}},"6":{"start":{"line":12,"column":6},"end":{"line":12,"column":38}},"7":{"start":{"line":17,"column":19},"end":{"line":26,"column":4}},"8":{"start":{"line":18,"column":4},"end":{"line":18,"column":37}},"9":{"start":{"line":18,"column":24},"end":{"line":18,"column":37}},"10":{"start":{"line":19,"column":4},"end":{"line":19,"column":37}},"11":{"start":{"line":19,"column":24},"end":{"line":19,"column":37}},"12":{"start":{"line":21,"column":4},"end":{"line":25,"column":6}},"13":{"start":{"line":22,"column":60},"end":{"line":22,"column":84}},"14":{"start":{"line":29,"column":2},"end":{"line":29,"column":61}}},"fnMap":{"0":{"name":"StarRating","decl":{"start":{"line":4,"column":24},"end":{"line":4,"column":34}},"loc":{"start":{"line":4,"column":61},"end":{"line":30,"column":1}},"line":4},"1":{"name":"(anonymous_1)","decl":{"start":{"line":17,"column":30},"end":{"line":17,"column":31}},"loc":{"start":{"line":17,"column":48},"end":{"line":26,"column":3}},"line":17},"2":{"name":"(anonymous_2)","decl":{"start":{"line":22,"column":54},"end":{"line":22,"column":55}},"loc":{"start":{"line":22,"column":60},"end":{"line":22,"column":84}},"line":22}},"branchMap":{"0":{"loc":{"start":{"line":8,"column":4},"end":{"line":13,"column":5}},"type":"if","locations":[{"start":{"line":8,"column":4},"end":{"line":13,"column":5}},{"start":{"line":11,"column":11},"end":{"line":13,"column":5}}],"line":8},"1":{"loc":{"start":{"line":8,"column":8},"end":{"line":8,"column":34}},"type":"binary-expr","locations":[{"start":{"line":8,"column":8},"end":{"line":8,"column":17}},{"start":{"line":8,"column":21},"end":{"line":8,"column":34}}],"line":8},"2":{"loc":{"start":{"line":12,"column":18},"end":{"line":12,"column":36}},"type":"cond-expr","locations":[{"start":{"line":12,"column":31},"end":{"line":12,"column":32}},{"start":{"line":12,"column":35},"end":{"line":12,"column":36}}],"line":12},"3":{"loc":{"start":{"line":18,"column":4},"end":{"line":18,"column":37}},"type":"if","locations":[{"start":{"line":18,"column":4},"end":{"line":18,"column":37}},{"start":{},"end":{}}],"line":18},"4":{"loc":{"start":{"line":19,"column":4},"end":{"line":19,"column":37}},"type":"if","locations":[{"start":{"line":19,"column":4},"end":{"line":19,"column":37}},{"start":{},"end":{}}],"line":19}},"s":{"0":0,"1":0,"2":0,"3":0,"4":0,"5":0,"6":0,"7":0,"8":0,"9":0,"10":0,"11":0,"12":0,"13":0,"14":0},"f":{"0":0,"1":0,"2":0},"b":{"0":[0,0],"1":[0,0],"2":[0,0],"3":[0,0],"4":[0,0]},"_coverageSchema":"1a1c01bbd47fc00a2c39e90264f33305004495a9","hash":"eceafe099eedb393169cf92c75bb80aa01755d00"}
,"/Users/andrew/Desktop/Hack Reactor/FEC/src/components/ratings_reviews/ratings_breakdown/ProductBreakdownList.jsx": {"path":"/Users/andrew/Desktop/Hack Reactor/FEC/src/components/ratings_reviews/ratings_breakdown/ProductBreakdownList.jsx","statementMap":{"0":{"start":{"line":10,"column":29},"end":{"line":16,"column":1}},"1":{"start":{"line":11,"column":20},"end":{"line":11,"column":22}},"2":{"start":{"line":12,"column":2},"end":{"line":14,"column":5}},"3":{"start":{"line":13,"column":4},"end":{"line":13,"column":52}},"4":{"start":{"line":15,"column":2},"end":{"line":15,"column":19}},"5":{"start":{"line":19,"column":34},"end":{"line":19,"column":49}},"6":{"start":{"line":20,"column":36},"end":{"line":20,"column":51}},"7":{"start":{"line":21,"column":40},"end":{"line":21,"column":55}},"8":{"start":{"line":22,"column":40},"end":{"line":22,"column":55}},"9":{"start":{"line":23,"column":38},"end":{"line":23,"column":53}},"10":{"start":{"line":24,"column":32},"end":{"line":24,"column":47}},"11":{"start":{"line":25,"column":42},"end":{"line":25,"column":54}},"12":{"start":{"line":27,"column":25},"end":{"line":41,"column":3}},"13":{"start":{"line":28,"column":4},"end":{"line":40,"column":5}},"14":{"start":{"line":29,"column":6},"end":{"line":29,"column":24}},"15":{"start":{"line":30,"column":11},"end":{"line":40,"column":5}},"16":{"start":{"line":31,"column":6},"end":{"line":31,"column":25}},"17":{"start":{"line":32,"column":11},"end":{"line":40,"column":5}},"18":{"start":{"line":33,"column":6},"end":{"line":33,"column":27}},"19":{"start":{"line":34,"column":11},"end":{"line":40,"column":5}},"20":{"start":{"line":35,"column":6},"end":{"line":35,"column":27}},"21":{"start":{"line":36,"column":11},"end":{"line":40,"column":5}},"22":{"start":{"line":37,"column":6},"end":{"line":37,"column":26}},"23":{"start":{"line":38,"column":11},"end":{"line":40,"column":5}},"24":{"start":{"line":39,"column":6},"end":{"line":39,"column":23}},"25":{"start":{"line":43,"column":2},"end":{"line":51,"column":14}},"26":{"start":{"line":44,"column":22},"end":{"line":44,"column":40}},"27":{"start":{"line":45,"column":4},"end":{"line":50,"column":5}},"28":{"start":{"line":46,"column":6},"end":{"line":46,"column":51}},"29":{"start":{"line":47,"column":6},"end":{"line":49,"column":9}},"30":{"start":{"line":48,"column":8},"end":{"line":48,"column":29}},"31":{"start":{"line":53,"column":2},"end":{"line":63,"column":4}}},"fnMap":{"0":{"name":"(anonymous_0)","decl":{"start":{"line":10,"column":29},"end":{"line":10,"column":30}},"loc":{"start":{"line":10,"column":40},"end":{"line":16,"column":1}},"line":10},"1":{"name":"(anonymous_1)","decl":{"start":{"line":12,"column":29},"end":{"line":12,"column":30}},"loc":{"start":{"line":12,"column":39},"end":{"line":14,"column":3}},"line":12},"2":{"name":"ProductBreakdownList","decl":{"start":{"line":18,"column":24},"end":{"line":18,"column":44}},"loc":{"start":{"line":18,"column":56},"end":{"line":64,"column":1}},"line":18},"3":{"name":"(anonymous_3)","decl":{"start":{"line":27,"column":25},"end":{"line":27,"column":26}},"loc":{"start":{"line":27,"column":39},"end":{"line":41,"column":3}},"line":27},"4":{"name":"(anonymous_4)","decl":{"start":{"line":43,"column":12},"end":{"line":43,"column":13}},"loc":{"start":{"line":43,"column":18},"end":{"line":51,"column":3}},"line":43},"5":{"name":"(anonymous_5)","decl":{"start":{"line":47,"column":24},"end":{"line":47,"column":25}},"loc":{"start":{"line":47,"column":34},"end":{"line":49,"column":7}},"line":47}},"branchMap":{"0":{"loc":{"start":{"line":28,"column":4},"end":{"line":40,"column":5}},"type":"if","locations":[{"start":{"line":28,"column":4},"end":{"line":40,"column":5}},{"start":{"line":30,"column":11},"end":{"line":40,"column":5}}],"line":28},"1":{"loc":{"start":{"line":30,"column":11},"end":{"line":40,"column":5}},"type":"if","locations":[{"start":{"line":30,"column":11},"end":{"line":40,"column":5}},{"start":{"line":32,"column":11},"end":{"line":40,"column":5}}],"line":30},"2":{"loc":{"start":{"line":32,"column":11},"end":{"line":40,"column":5}},"type":"if","locations":[{"start":{"line":32,"column":11},"end":{"line":40,"column":5}},{"start":{"line":34,"column":11},"end":{"line":40,"column":5}}],"line":32},"3":{"loc":{"start":{"line":34,"column":11},"end":{"line":40,"column":5}},"type":"if","locations":[{"start":{"line":34,"column":11},"end":{"line":40,"column":5}},{"start":{"line":36,"column":11},"end":{"line":40,"column":5}}],"line":34},"4":{"loc":{"start":{"line":36,"column":11},"end":{"line":40,"column":5}},"type":"if","locations":[{"start":{"line":36,"column":11},"end":{"line":40,"column":5}},{"start":{"line":38,"column":11},"end":{"line":40,"column":5}}],"line":36},"5":{"loc":{"start":{"line":38,"column":11},"end":{"line":40,"column":5}},"type":"if","locations":[{"start":{"line":38,"column":11},"end":{"line":40,"column":5}},{"start":{},"end":{}}],"line":38},"6":{"loc":{"start":{"line":45,"column":4},"end":{"line":50,"column":5}},"type":"if","locations":[{"start":{"line":45,"column":4},"end":{"line":50,"column":5}},{"start":{},"end":{}}],"line":45},"7":{"loc":{"start":{"line":56,"column":8},"end":{"line":56,"column":66}},"type":"cond-expr","locations":[{"start":{"line":56,"column":19},"end":{"line":56,"column":59}},{"start":{"line":56,"column":62},"end":{"line":56,"column":66}}],"line":56},"8":{"loc":{"start":{"line":57,"column":8},"end":{"line":57,"column":69}},"type":"cond-expr","locations":[{"start":{"line":57,"column":20},"end":{"line":57,"column":62}},{"start":{"line":57,"column":65},"end":{"line":57,"column":69}}],"line":57},"9":{"loc":{"start":{"line":58,"column":8},"end":{"line":58,"column":75}},"type":"cond-expr","locations":[{"start":{"line":58,"column":22},"end":{"line":58,"column":68}},{"start":{"line":58,"column":71},"end":{"line":58,"column":75}}],"line":58},"10":{"loc":{"start":{"line":59,"column":8},"end":{"line":59,"column":75}},"type":"cond-expr","locations":[{"start":{"line":59,"column":22},"end":{"line":59,"column":68}},{"start":{"line":59,"column":71},"end":{"line":59,"column":75}}],"line":59},"11":{"loc":{"start":{"line":60,"column":8},"end":{"line":60,"column":72}},"type":"cond-expr","locations":[{"start":{"line":60,"column":21},"end":{"line":60,"column":65}},{"start":{"line":60,"column":68},"end":{"line":60,"column":72}}],"line":60},"12":{"loc":{"start":{"line":61,"column":8},"end":{"line":61,"column":63}},"type":"cond-expr","locations":[{"start":{"line":61,"column":18},"end":{"line":61,"column":56}},{"start":{"line":61,"column":59},"end":{"line":61,"column":63}}],"line":61}},"s":{"0":1,"1":0,"2":0,"3":0,"4":0,"5":1,"6":1,"7":1,"8":1,"9":1,"10":1,"11":1,"12":1,"13":0,"14":0,"15":0,"16":0,"17":0,"18":0,"19":0,"20":0,"21":0,"22":0,"23":0,"24":0,"25":1,"26":1,"27":1,"28":0,"29":0,"30":0,"31":1},"f":{"0":0,"1":0,"2":1,"3":0,"4":1,"5":0},"b":{"0":[0,0],"1":[0,0],"2":[0,0],"3":[0,0],"4":[0,0],"5":[0,0],"6":[0,1],"7":[0,1],"8":[0,1],"9":[0,1],"10":[0,1],"11":[0,1],"12":[0,1]},"_coverageSchema":"1a1c01bbd47fc00a2c39e90264f33305004495a9","hash":"0abd4825f21df6a158e72df74d626d8b203c9c12"}
,"/Users/andrew/Desktop/Hack Reactor/FEC/src/components/ratings_reviews/ratings_breakdown/RatingsBreakdown.jsx": {"path":"/Users/andrew/Desktop/Hack Reactor/FEC/src/components/ratings_reviews/ratings_breakdown/RatingsBreakdown.jsx","statementMap":{"0":{"start":{"line":7,"column":26},"end":{"line":19,"column":1}},"1":{"start":{"line":8,"column":12},"end":{"line":8,"column":13}},"2":{"start":{"line":9,"column":19},"end":{"line":9,"column":20}},"3":{"start":{"line":11,"column":2},"end":{"line":15,"column":3}},"4":{"start":{"line":12,"column":18},"end":{"line":12,"column":29}},"5":{"start":{"line":13,"column":4},"end":{"line":13,"column":32}},"6":{"start":{"line":14,"column":4},"end":{"line":14,"column":39}},"7":{"start":{"line":17,"column":23},"end":{"line":17,"column":39}},"8":{"start":{"line":18,"column":2},"end":{"line":18,"column":38}},"9":{"start":{"line":21,"column":24},"end":{"line":25,"column":1}},"10":{"start":{"line":22,"column":20},"end":{"line":22,"column":44}},"11":{"start":{"line":23,"column":21},"end":{"line":23,"column":58}},"12":{"start":{"line":24,"column":2},"end":{"line":24,"column":32}},"13":{"start":{"line":28,"column":38},"end":{"line":28,"column":49}},"14":{"start":{"line":29,"column":44},"end":{"line":29,"column":55}},"15":{"start":{"line":30,"column":38},"end":{"line":30,"column":51}},"16":{"start":{"line":31,"column":32},"end":{"line":31,"column":44}},"17":{"start":{"line":32,"column":28},"end":{"line":32,"column":40}},"18":{"start":{"line":35,"column":2},"end":{"line":44,"column":23}},"19":{"start":{"line":36,"column":4},"end":{"line":43,"column":5}},"20":{"start":{"line":37,"column":26},"end":{"line":37,"column":67}},"21":{"start":{"line":38,"column":6},"end":{"line":38,"column":49}},"22":{"start":{"line":39,"column":6},"end":{"line":39,"column":44}},"23":{"start":{"line":40,"column":6},"end":{"line":40,"column":71}},"24":{"start":{"line":41,"column":6},"end":{"line":41,"column":41}},"25":{"start":{"line":42,"column":6},"end":{"line":42,"column":47}},"26":{"start":{"line":46,"column":2},"end":{"line":59,"column":4}}},"fnMap":{"0":{"name":"(anonymous_0)","decl":{"start":{"line":7,"column":26},"end":{"line":7,"column":27}},"loc":{"start":{"line":7,"column":39},"end":{"line":19,"column":1}},"line":7},"1":{"name":"(anonymous_1)","decl":{"start":{"line":21,"column":24},"end":{"line":21,"column":25}},"loc":{"start":{"line":21,"column":41},"end":{"line":25,"column":1}},"line":21},"2":{"name":"RatingsBreakdown","decl":{"start":{"line":27,"column":24},"end":{"line":27,"column":40}},"loc":{"start":{"line":27,"column":78},"end":{"line":60,"column":1}},"line":27},"3":{"name":"(anonymous_3)","decl":{"start":{"line":35,"column":12},"end":{"line":35,"column":13}},"loc":{"start":{"line":35,"column":18},"end":{"line":44,"column":3}},"line":35}},"branchMap":{"0":{"loc":{"start":{"line":36,"column":4},"end":{"line":43,"column":5}},"type":"if","locations":[{"start":{"line":36,"column":4},"end":{"line":43,"column":5}},{"start":{},"end":{}}],"line":36}},"s":{"0":1,"1":0,"2":0,"3":0,"4":0,"5":0,"6":0,"7":0,"8":0,"9":1,"10":0,"11":0,"12":0,"13":1,"14":1,"15":1,"16":1,"17":1,"18":1,"19":1,"20":0,"21":0,"22":0,"23":0,"24":0,"25":0,"26":1},"f":{"0":0,"1":0,"2":1,"3":1},"b":{"0":[0,1]},"_coverageSchema":"1a1c01bbd47fc00a2c39e90264f33305004495a9","hash":"25a41c6e3f0bdc60571384294eb262b81d8a2562"}
,"/Users/andrew/Desktop/Hack Reactor/FEC/src/components/ratings_reviews/ratings_breakdown/RecommendPercentage.jsx": {"path":"/Users/andrew/Desktop/Hack Reactor/FEC/src/components/ratings_reviews/ratings_breakdown/RecommendPercentage.jsx","statementMap":{"0":{"start":{"line":4,"column":25},"end":{"line":4,"column":57}},"1":{"start":{"line":6,"column":2},"end":{"line":15,"column":4}}},"fnMap":{"0":{"name":"RecommendPercentage","decl":{"start":{"line":3,"column":24},"end":{"line":3,"column":43}},"loc":{"start":{"line":3,"column":60},"end":{"line":16,"column":1}},"line":3}},"branchMap":{},"s":{"0":1,"1":1},"f":{"0":1},"b":{},"_coverageSchema":"1a1c01bbd47fc00a2c39e90264f33305004495a9","hash":"34af85d3b9c20e8bdae179e169392ae489f392ba"}
,"/Users/andrew/Desktop/Hack Reactor/FEC/src/components/ratings_reviews/ratings_breakdown/StarBreakdownItem.jsx": {"path":"/Users/andrew/Desktop/Hack Reactor/FEC/src/components/ratings_reviews/ratings_breakdown/StarBreakdownItem.jsx","statementMap":{"0":{"start":{"line":4,"column":2},"end":{"line":19,"column":4}},"1":{"start":{"line":6,"column":27},"end":{"line":6,"column":52}}},"fnMap":{"0":{"name":"StarBreakdownItem","decl":{"start":{"line":3,"column":24},"end":{"line":3,"column":41}},"loc":{"start":{"line":3,"column":83},"end":{"line":20,"column":1}},"line":3},"1":{"name":"(anonymous_1)","decl":{"start":{"line":6,"column":21},"end":{"line":6,"column":22}},"loc":{"start":{"line":6,"column":27},"end":{"line":6,"column":52}},"line":6}},"branchMap":{},"s":{"0":5,"1":0},"f":{"0":5,"1":0},"b":{},"_coverageSchema":"1a1c01bbd47fc00a2c39e90264f33305004495a9","hash":"8193a4c2ae830b48c81a3b8d6db87dc74a3878ba"}
,"/Users/andrew/Desktop/Hack Reactor/FEC/src/components/ratings_reviews/ratings_breakdown/StarBreakdownList.jsx": {"path":"/Users/andrew/Desktop/Hack Reactor/FEC/src/components/ratings_reviews/ratings_breakdown/StarBreakdownList.jsx","statementMap":{"0":{"start":{"line":10,"column":22},"end":{"line":10,"column":24}},"1":{"start":{"line":12,"column":2},"end":{"line":33,"column":3}},"2":{"start":{"line":12,"column":15},"end":{"line":12,"column":16}},"3":{"start":{"line":13,"column":4},"end":{"line":32,"column":5}},"4":{"start":{"line":14,"column":23},"end":{"line":14,"column":46}},"5":{"start":{"line":15,"column":6},"end":{"line":22,"column":8}},"6":{"start":{"line":24,"column":6},"end":{"line":31,"column":8}},"7":{"start":{"line":35,"column":2},"end":{"line":40,"column":4}}},"fnMap":{"0":{"name":"StarBreakdownList","decl":{"start":{"line":6,"column":24},"end":{"line":6,"column":41}},"loc":{"start":{"line":6,"column":84},"end":{"line":41,"column":1}},"line":6}},"branchMap":{"0":{"loc":{"start":{"line":13,"column":4},"end":{"line":32,"column":5}},"type":"if","locations":[{"start":{"line":13,"column":4},"end":{"line":32,"column":5}},{"start":{"line":23,"column":11},"end":{"line":32,"column":5}}],"line":13}},"s":{"0":1,"1":1,"2":1,"3":5,"4":0,"5":0,"6":5,"7":1},"f":{"0":1},"b":{"0":[0,5]},"_coverageSchema":"1a1c01bbd47fc00a2c39e90264f33305004495a9","hash":"a5906fec8e7232cd20aa3b9e2171f42383c3c91f"}
,"/Users/andrew/Desktop/Hack Reactor/FEC/src/components/ratings_reviews/ratings_breakdown/StarRepresentation.jsx": {"path":"/Users/andrew/Desktop/Hack Reactor/FEC/src/components/ratings_reviews/ratings_breakdown/StarRepresentation.jsx","statementMap":{"0":{"start":{"line":5,"column":24},"end":{"line":5,"column":59}},"1":{"start":{"line":6,"column":2},"end":{"line":18,"column":4}}},"fnMap":{"0":{"name":"StarRepresentation","decl":{"start":{"line":4,"column":24},"end":{"line":4,"column":42}},"loc":{"start":{"line":4,"column":62},"end":{"line":19,"column":1}},"line":4}},"branchMap":{},"s":{"0":1,"1":1},"f":{"0":1},"b":{},"_coverageSchema":"1a1c01bbd47fc00a2c39e90264f33305004495a9","hash":"bb90fedb98db5bd4dc89dbfdd565d80168361bae"}
,"/Users/andrew/Desktop/Hack Reactor/FEC/src/components/ratings_reviews/ratings_breakdown/breakdown_bar/ComfortBar.jsx": {"path":"/Users/andrew/Desktop/Hack Reactor/FEC/src/components/ratings_reviews/ratings_breakdown/breakdown_bar/ComfortBar.jsx","statementMap":{"0":{"start":{"line":5,"column":2},"end":{"line":20,"column":4}}},"fnMap":{"0":{"name":"ComfortBar","decl":{"start":{"line":4,"column":24},"end":{"line":4,"column":34}},"loc":{"start":{"line":4,"column":49},"end":{"line":21,"column":1}},"line":4}},"branchMap":{},"s":{"0":0},"f":{"0":0},"b":{},"_coverageSchema":"1a1c01bbd47fc00a2c39e90264f33305004495a9","hash":"84461592793c0d5ce15f6c56c29af066bd13d693"}
,"/Users/andrew/Desktop/Hack Reactor/FEC/src/components/ratings_reviews/ratings_breakdown/breakdown_bar/FitBar.jsx": {"path":"/Users/andrew/Desktop/Hack Reactor/FEC/src/components/ratings_reviews/ratings_breakdown/breakdown_bar/FitBar.jsx","statementMap":{"0":{"start":{"line":5,"column":2},"end":{"line":20,"column":4}}},"fnMap":{"0":{"name":"FitBar","decl":{"start":{"line":4,"column":24},"end":{"line":4,"column":30}},"loc":{"start":{"line":4,"column":45},"end":{"line":21,"column":1}},"line":4}},"branchMap":{},"s":{"0":0},"f":{"0":0},"b":{},"_coverageSchema":"1a1c01bbd47fc00a2c39e90264f33305004495a9","hash":"5ac6390fd0fe5afd1a94c38688acdc5369fa58e8"}
,"/Users/andrew/Desktop/Hack Reactor/FEC/src/components/ratings_reviews/ratings_breakdown/breakdown_bar/LengthBar.jsx": {"path":"/Users/andrew/Desktop/Hack Reactor/FEC/src/components/ratings_reviews/ratings_breakdown/breakdown_bar/LengthBar.jsx","statementMap":{"0":{"start":{"line":5,"column":2},"end":{"line":20,"column":4}}},"fnMap":{"0":{"name":"LengthBar","decl":{"start":{"line":4,"column":24},"end":{"line":4,"column":33}},"loc":{"start":{"line":4,"column":48},"end":{"line":21,"column":1}},"line":4}},"branchMap":{},"s":{"0":0},"f":{"0":0},"b":{},"_coverageSchema":"1a1c01bbd47fc00a2c39e90264f33305004495a9","hash":"fbdcc4eee44979609dddd6fc1482082d8fdef071"}
,"/Users/andrew/Desktop/Hack Reactor/FEC/src/components/ratings_reviews/ratings_breakdown/breakdown_bar/QualityBar.jsx": {"path":"/Users/andrew/Desktop/Hack Reactor/FEC/src/components/ratings_reviews/ratings_breakdown/breakdown_bar/QualityBar.jsx","statementMap":{"0":{"start":{"line":5,"column":2},"end":{"line":20,"column":4}}},"fnMap":{"0":{"name":"QualityBar","decl":{"start":{"line":4,"column":24},"end":{"line":4,"column":34}},"loc":{"start":{"line":4,"column":49},"end":{"line":21,"column":1}},"line":4}},"branchMap":{},"s":{"0":0},"f":{"0":0},"b":{},"_coverageSchema":"1a1c01bbd47fc00a2c39e90264f33305004495a9","hash":"6ea8aa2be892e13725afb2b900f7689f8ffbe0a1"}
,"/Users/andrew/Desktop/Hack Reactor/FEC/src/components/ratings_reviews/ratings_breakdown/breakdown_bar/SizeBar.jsx": {"path":"/Users/andrew/Desktop/Hack Reactor/FEC/src/components/ratings_reviews/ratings_breakdown/breakdown_bar/SizeBar.jsx","statementMap":{"0":{"start":{"line":5,"column":2},"end":{"line":20,"column":4}}},"fnMap":{"0":{"name":"SizeBar","decl":{"start":{"line":4,"column":24},"end":{"line":4,"column":31}},"loc":{"start":{"line":4,"column":46},"end":{"line":21,"column":1}},"line":4}},"branchMap":{},"s":{"0":0},"f":{"0":0},"b":{},"_coverageSchema":"1a1c01bbd47fc00a2c39e90264f33305004495a9","hash":"380eceadb51213477131ed7f32f4cc508d033678"}
,"/Users/andrew/Desktop/Hack Reactor/FEC/src/components/ratings_reviews/ratings_breakdown/breakdown_bar/WidthBar.jsx": {"path":"/Users/andrew/Desktop/Hack Reactor/FEC/src/components/ratings_reviews/ratings_breakdown/breakdown_bar/WidthBar.jsx","statementMap":{"0":{"start":{"line":6,"column":2},"end":{"line":21,"column":4}}},"fnMap":{"0":{"name":"WidthBar","decl":{"start":{"line":5,"column":24},"end":{"line":5,"column":32}},"loc":{"start":{"line":5,"column":47},"end":{"line":22,"column":1}},"line":5}},"branchMap":{},"s":{"0":0},"f":{"0":0},"b":{},"_coverageSchema":"1a1c01bbd47fc00a2c39e90264f33305004495a9","hash":"b82d0d8ccdfe6226b9af5452988fcdd796be33e3"}
,"/Users/andrew/Desktop/Hack Reactor/FEC/src/components/ratings_reviews/reviews_list/ActionButtons.jsx": {"path":"/Users/andrew/Desktop/Hack Reactor/FEC/src/components/ratings_reviews/reviews_list/ActionButtons.jsx","statementMap":{"0":{"start":{"line":6,"column":34},"end":{"line":6,"column":48}},"1":{"start":{"line":8,"column":2},"end":{"line":16,"column":34}},"2":{"start":{"line":11,"column":4},"end":{"line":15,"column":5}},"3":{"start":{"line":12,"column":6},"end":{"line":12,"column":25}},"4":{"start":{"line":13,"column":11},"end":{"line":15,"column":5}},"5":{"start":{"line":14,"column":6},"end":{"line":14,"column":24}},"6":{"start":{"line":18,"column":2},"end":{"line":24,"column":4}},"7":{"start":{"line":22,"column":43},"end":{"line":22,"column":67}}},"fnMap":{"0":{"name":"ActionButtons","decl":{"start":{"line":3,"column":24},"end":{"line":3,"column":37}},"loc":{"start":{"line":5,"column":3},"end":{"line":25,"column":1}},"line":5},"1":{"name":"(anonymous_1)","decl":{"start":{"line":8,"column":12},"end":{"line":8,"column":13}},"loc":{"start":{"line":8,"column":18},"end":{"line":16,"column":3}},"line":8},"2":{"name":"(anonymous_2)","decl":{"start":{"line":22,"column":37},"end":{"line":22,"column":38}},"loc":{"start":{"line":22,"column":43},"end":{"line":22,"column":67}},"line":22}},"branchMap":{"0":{"loc":{"start":{"line":11,"column":4},"end":{"line":15,"column":5}},"type":"if","locations":[{"start":{"line":11,"column":4},"end":{"line":15,"column":5}},{"start":{"line":13,"column":11},"end":{"line":15,"column":5}}],"line":11},"1":{"loc":{"start":{"line":13,"column":11},"end":{"line":15,"column":5}},"type":"if","locations":[{"start":{"line":13,"column":11},"end":{"line":15,"column":5}},{"start":{},"end":{}}],"line":13},"2":{"loc":{"start":{"line":21,"column":7},"end":{"line":21,"column":94}},"type":"cond-expr","locations":[{"start":{"line":21,"column":18},"end":{"line":21,"column":87}},{"start":{"line":21,"column":90},"end":{"line":21,"column":94}}],"line":21}},"s":{"0":0,"1":0,"2":0,"3":0,"4":0,"5":0,"6":0,"7":0},"f":{"0":0,"1":0,"2":0},"b":{"0":[0,0],"1":[0,0],"2":[0,0]},"_coverageSchema":"1a1c01bbd47fc00a2c39e90264f33305004495a9","hash":"f5ddb7400ce6b6d527dcae64dfdbef5008ba2653"}
,"/Users/andrew/Desktop/Hack Reactor/FEC/src/components/ratings_reviews/reviews_list/HelpfulButton.jsx": {"path":"/Users/andrew/Desktop/Hack Reactor/FEC/src/components/ratings_reviews/reviews_list/HelpfulButton.jsx","statementMap":{"0":{"start":{"line":4,"column":42},"end":{"line":4,"column":63}},"1":{"start":{"line":5,"column":36},"end":{"line":5,"column":51}},"2":{"start":{"line":7,"column":22},"end":{"line":12,"column":3}},"3":{"start":{"line":8,"column":4},"end":{"line":8,"column":48}},"4":{"start":{"line":9,"column":4},"end":{"line":9,"column":50}},"5":{"start":{"line":9,"column":35},"end":{"line":9,"column":48}},"6":{"start":{"line":10,"column":4},"end":{"line":10,"column":23}},"7":{"start":{"line":11,"column":4},"end":{"line":11,"column":33}},"8":{"start":{"line":14,"column":2},"end":{"line":23,"column":4}}},"fnMap":{"0":{"name":"HelpfulButton","decl":{"start":{"line":3,"column":24},"end":{"line":3,"column":37}},"loc":{"start":{"line":3,"column":85},"end":{"line":24,"column":1}},"line":3},"1":{"name":"(anonymous_1)","decl":{"start":{"line":7,"column":22},"end":{"line":7,"column":23}},"loc":{"start":{"line":7,"column":28},"end":{"line":12,"column":3}},"line":7},"2":{"name":"(anonymous_2)","decl":{"start":{"line":9,"column":20},"end":{"line":9,"column":21}},"loc":{"start":{"line":9,"column":35},"end":{"line":9,"column":48}},"line":9}},"branchMap":{"0":{"loc":{"start":{"line":17,"column":37},"end":{"line":17,"column":68}},"type":"cond-expr","locations":[{"start":{"line":17,"column":50},"end":{"line":17,"column":61}},{"start":{"line":17,"column":64},"end":{"line":17,"column":68}}],"line":17}},"s":{"0":0,"1":0,"2":0,"3":0,"4":0,"5":0,"6":0,"7":0,"8":0},"f":{"0":0,"1":0,"2":0},"b":{"0":[0,0]},"_coverageSchema":"1a1c01bbd47fc00a2c39e90264f33305004495a9","hash":"d957cfa4201f99f59bc00907ce3ac5388a900fdd"}
,"/Users/andrew/Desktop/Hack Reactor/FEC/src/components/ratings_reviews/reviews_list/RecommendCheck.jsx": {"path":"/Users/andrew/Desktop/Hack Reactor/FEC/src/components/ratings_reviews/reviews_list/RecommendCheck.jsx","statementMap":{"0":{"start":{"line":5,"column":2},"end":{"line":10,"column":4}}},"fnMap":{"0":{"name":"RecommendCheck","decl":{"start":{"line":4,"column":24},"end":{"line":4,"column":38}},"loc":{"start":{"line":4,"column":41},"end":{"line":11,"column":1}},"line":4}},"branchMap":{},"s":{"0":0},"f":{"0":0},"b":{},"_coverageSchema":"1a1c01bbd47fc00a2c39e90264f33305004495a9","hash":"552052dd494dd35795dd59a7649e948e8a4260a9"}
,"/Users/andrew/Desktop/Hack Reactor/FEC/src/components/ratings_reviews/reviews_list/ReportButton.jsx": {"path":"/Users/andrew/Desktop/Hack Reactor/FEC/src/components/ratings_reviews/reviews_list/ReportButton.jsx","statementMap":{"0":{"start":{"line":4,"column":2},"end":{"line":8,"column":4}},"1":{"start":{"line":6,"column":43},"end":{"line":6,"column":70}}},"fnMap":{"0":{"name":"ReportButton","decl":{"start":{"line":3,"column":24},"end":{"line":3,"column":36}},"loc":{"start":{"line":3,"column":70},"end":{"line":9,"column":1}},"line":3},"1":{"name":"(anonymous_1)","decl":{"start":{"line":6,"column":37},"end":{"line":6,"column":38}},"loc":{"start":{"line":6,"column":43},"end":{"line":6,"column":70}},"line":6}},"branchMap":{},"s":{"0":0,"1":0},"f":{"0":0,"1":0},"b":{},"_coverageSchema":"1a1c01bbd47fc00a2c39e90264f33305004495a9","hash":"a0c0b4f8dfa1985ae6c675befb91bffd75831e3b"}
[...]
{"line":27,"column":45}},"12":{"start":{"line":28,"column":4},"end":{"line":28,"column":22}},"13":{"start":{"line":31,"column":26},"end":{"line":33,"column":3}},"14":{"start":{"line":32,"column":4},"end":{"line":32,"column":36}},"15":{"start":{"line":35,"column":27},"end":{"line":40,"column":3}},"16":{"start":{"line":36,"column":4},"end":{"line":39,"column":5}},"17":{"start":{"line":37,"column":6},"end":{"line":37,"column":37}},"18":{"start":{"line":38,"column":6},"end":{"line":38,"column":25}},"19":{"start":{"line":42,"column":27},"end":{"line":44,"column":3}},"20":{"start":{"line":43,"column":4},"end":{"line":43,"column":24}},"21":{"start":{"line":46,"column":29},"end":{"line":53,"column":3}},"22":{"start":{"line":48,"column":4},"end":{"line":52,"column":7}},"23":{"start":{"line":49,"column":6},"end":{"line":49,"column":34}},"24":{"start":{"line":51,"column":6},"end":{"line":51,"column":56}},"25":{"start":{"line":55,"column":28},"end":{"line":63,"column":3}},"26":{"start":{"line":56,"column":4},"end":{"line":62,"column":7}},"27":{"start":{"line":57,"column":6},"end":{"line":57,"column":34}},"28":{"start":{"line":59,"column":6},"end":{"line":59,"column":22}},"29":{"start":{"line":61,"column":6},"end":{"line":61,"column":56}},"30":{"start":{"line":65,"column":31},"end":{"line":65,"column":33}},"31":{"start":{"line":67,"column":2},"end":{"line":73,"column":3}},"32":{"start":{"line":68,"column":4},"end":{"line":68,"column":44}},"33":{"start":{"line":70,"column":4},"end":{"line":72,"column":7}},"34":{"start":{"line":71,"column":6},"end":{"line":71,"column":56}},"35":{"start":{"line":75,"column":25},"end":{"line":83,"column":4}},"36":{"start":{"line":76,"column":4},"end":{"line":82,"column":6}},"37":{"start":{"line":85,"column":2},"end":{"line":108,"column":4}}},"fnMap":{"0":{"name":"(anonymous_0)","decl":{"start":{"line":7,"column":24},"end":{"line":7,"column":25}},"loc":{"start":{"line":7,"column":40},"end":{"line":15,"column":1}},"line":7},"1":{"name":"ReviewsCardList","decl":{"start":{"line":17,"column":24},"end":{"line":17,"column":39}},"loc":{"start":{"line":19,"column":3},"end":{"line":109,"column":1}},"line":19},"2":{"name":"(anonymous_2)","decl":{"start":{"line":25,"column":12},"end":{"line":25,"column":13}},"loc":{"start":{"line":25,"column":18},"end":{"line":29,"column":3}},"line":25},"3":{"name":"(anonymous_3)","decl":{"start":{"line":31,"column":26},"end":{"line":31,"column":27}},"loc":{"start":{"line":31,"column":32},"end":{"line":33,"column":3}},"line":31},"4":{"name":"(anonymous_4)","decl":{"start":{"line":35,"column":27},"end":{"line":35,"column":28}},"loc":{"start":{"line":35,"column":34},"end":{"line":40,"column":3}},"line":35},"5":{"name":"(anonymous_5)","decl":{"start":{"line":42,"column":27},"end":{"line":42,"column":28}},"loc":{"start":{"line":42,"column":33},"end":{"line":44,"column":3}},"line":42},"6":{"name":"(anonymous_6)","decl":{"start":{"line":46,"column":29},"end":{"line":46,"column":30}},"loc":{"start":{"line":46,"column":43},"end":{"line":53,"column":3}},"line":46},"7":{"name":"(anonymous_7)","decl":{"start":{"line":48,"column":72},"end":{"line":48,"column":73}},"loc":{"start":{"line":48,"column":78},"end":{"line":50,"column":5}},"line":48},"8":{"name":"(anonymous_8)","decl":{"start":{"line":50,"column":13},"end":{"line":50,"column":14}},"loc":{"start":{"line":50,"column":19},"end":{"line":52,"column":5}},"line":50},"9":{"name":"(anonymous_9)","decl":{"start":{"line":55,"column":28},"end":{"line":55,"column":29}},"loc":{"start":{"line":55,"column":42},"end":{"line":63,"column":3}},"line":55},"10":{"name":"(anonymous_10)","decl":{"start":{"line":56,"column":71},"end":{"line":56,"column":72}},"loc":{"start":{"line":56,"column":77},"end":{"line":58,"column":5}},"line":56},"11":{"name":"(anonymous_11)","decl":{"start":{"line":58,"column":12},"end":{"line":58,"column":13}},"loc":{"start":{"line":58,"column":18},"end":{"line":60,"column":5}},"line":58},"12":{"name":"(anonymous_12)","decl":{"start":{"line":60,"column":13},"end":{"line":60,"column":14}},"loc":{"start":{"line":60,"column":19},"end":{"line":62,"column":5}},"line":60},"13":{"name":"(anonymous_13)","decl":{"start":{"line":70,"column":51},"end":{"line":70,"column":52}},"loc":{"start":{"line":71,"column":6},"end":{"line":71,"column":56}},"line":71},"14":{"name":"(anonymous_14)","decl":{"start":{"line":75,"column":52},"end":{"line":75,"column":53}},"loc":{"start":{"line":76,"column":4},"end":{"line":82,"column":6}},"line":76}},"branchMap":{"0":{"loc":{"start":{"line":10,"column":4},"end":{"line":12,"column":5}},"type":"if","locations":[{"start":{"line":10,"column":4},"end":{"line":12,"column":5}},{"start":{},"end":{}}],"line":10},"1":{"loc":{"start":{"line":36,"column":4},"end":{"line":39,"column":5}},"type":"if","locations":[{"start":{"line":36,"column":4},"end":{"line":39,"column":5}},{"start":{},"end":{}}],"line":36},"2":{"loc":{"start":{"line":67,"column":2},"end":{"line":73,"column":3}},"type":"if","locations":[{"start":{"line":67,"column":2},"end":{"line":73,"column":3}},{"start":{"line":69,"column":9},"end":{"line":73,"column":3}}],"line":67},"3":{"loc":{"start":{"line":101,"column":7},"end":{"line":106,"column":7}},"type":"binary-expr","locations":[{"start":{"line":101,"column":7},"end":{"line":101,"column":16}},{"start":{"line":102,"column":8},"end":{"line":105,"column":10}}],"line":101}},"s":{"0":1,"1":0,"2":0,"3":0,"4":0,"5":0,"6":0,"7":0,"8":0,"9":0,"10":0,"11":0,"12":0,"13":0,"14":0,"15":0,"16":0,"17":0,"18":0,"19":0,"20":0,"21":0,"22":0,"23":0,"24":0,"25":0,"26":0,"27":0,"28":0,"29":0,"30":0,"31":0,"32":0,"33":0,"34":0,"35":0,"36":0,"37":0},"f":{"0":0,"1":0,"2":0,"3":0,"4":0,"5":0,"6":0,"7":0,"8":0,"9":0,"10":0,"11":0,"12":0,"13":0,"14":0},"b":{"0":[0,0],"1":[0,0],"2":[0,0],"3":[0,0]},"_coverageSchema":"1a1c01bbd47fc00a2c39e90264f33305004495a9","hash":"6151410b8243c390bd6bfafebee785fe5f2a0e33"}
,"/Users/andrew/Desktop/Hack Reactor/FEC/src/components/ratings_reviews/reviews_list/ReviewsList.jsx": {"path":"/Users/andrew/Desktop/Hack Reactor/FEC/src/components/ratings_reviews/reviews_list/ReviewsList.jsx","statementMap":{"0":{"start":{"line":9,"column":48},"end":{"line":9,"column":63}},"1":{"start":{"line":10,"column":27},"end":{"line":10,"column":39}},"2":{"start":{"line":12,"column":2},"end":{"line":38,"column":4}}},"fnMap":{"0":{"name":"ReviewsList","decl":{"start":{"line":6,"column":24},"end":{"line":6,"column":35}},"loc":{"start":{"line":8,"column":3},"end":{"line":39,"column":1}},"line":8}},"branchMap":{"0":{"loc":{"start":{"line":29,"column":7},"end":{"line":36,"column":7}},"type":"binary-expr","locations":[{"start":{"line":29,"column":7},"end":{"line":29,"column":22}},{"start":{"line":31,"column":8},"end":{"line":35,"column":10}}],"line":29}},"s":{"0":0,"1":0,"2":0},"f":{"0":0},"b":{"0":[0,0]},"_coverageSchema":"1a1c01bbd47fc00a2c39e90264f33305004495a9","hash":"e8c1fc4ca4f3200f7708453884572bffdc310c75"}
,"/Users/andrew/Desktop/Hack Reactor/FEC/src/components/ratings_reviews/reviews_list/ReviewsSortMenu.jsx": {"path":"/Users/andrew/Desktop/Hack Reactor/FEC/src/components/ratings_reviews/reviews_list/ReviewsSortMenu.jsx","statementMap":{"0":{"start":{"line":4,"column":22},"end":{"line":10,"column":3}},"1":{"start":{"line":5,"column":4},"end":{"line":5,"column":23}},"2":{"start":{"line":6,"column":4},"end":{"line":9,"column":12}},"3":{"start":{"line":8,"column":6},"end":{"line":8,"column":105}},"4":{"start":{"line":12,"column":2},"end":{"line":31,"column":4}},"5":{"start":{"line":23,"column":35},"end":{"line":23,"column":49}}},"fnMap":{"0":{"name":"ReviewsSortMenu","decl":{"start":{"line":3,"column":24},"end":{"line":3,"column":39}},"loc":{"start":{"line":3,"column":91},"end":{"line":32,"column":1}},"line":3},"1":{"name":"(anonymous_1)","decl":{"start":{"line":4,"column":22},"end":{"line":4,"column":23}},"loc":{"start":{"line":4,"column":29},"end":{"line":10,"column":3}},"line":4},"2":{"name":"(anonymous_2)","decl":{"start":{"line":6,"column":15},"end":{"line":6,"column":16}},"loc":{"start":{"line":6,"column":21},"end":{"line":9,"column":5}},"line":6},"3":{"name":"(anonymous_3)","decl":{"start":{"line":23,"column":28},"end":{"line":23,"column":29}},"loc":{"start":{"line":23,"column":35},"end":{"line":23,"column":49}},"line":23}},"branchMap":{},"s":{"0":0,"1":0,"2":0,"3":0,"4":0,"5":0},"f":{"0":0,"1":0,"2":0,"3":0},"b":{},"_coverageSchema":"1a1c01bbd47fc00a2c39e90264f33305004495a9","hash":"2593ab263c4469c0c86bd77d5594a27dfdf7ee54"}
,"/Users/andrew/Desktop/Hack Reactor/FEC/src/components/ratings_reviews/reviews_list/SellerResponse.jsx": {"path":"/Users/andrew/Desktop/Hack Reactor/FEC/src/components/ratings_reviews/reviews_list/SellerResponse.jsx","statementMap":{"0":{"start":{"line":4,"column":2},"end":{"line":9,"column":4}}},"fnMap":{"0":{"name":"SellerResponse","decl":{"start":{"line":3,"column":24},"end":{"line":3,"column":38}},"loc":{"start":{"line":3,"column":53},"end":{"line":10,"column":1}},"line":3}},"branchMap":{},"s":{"0":0},"f":{"0":0},"b":{},"_coverageSchema":"1a1c01bbd47fc00a2c39e90264f33305004495a9","hash":"9e104847af106d350f9a6ad7f337b443de457cbf"}
,"/Users/andrew/Desktop/Hack Reactor/FEC/src/components/related_products/ProductCard.jsx": {"path":"/Users/andrew/Desktop/Hack Reactor/FEC/src/components/related_products/ProductCard.jsx","statementMap":{"0":{"start":{"line":5,"column":17},"end":{"line":5,"column":177}},"1":{"start":{"line":9,"column":2},"end":{"line":26,"column":4}}},"fnMap":{"0":{"name":"ProductCard","decl":{"start":{"line":8,"column":24},"end":{"line":8,"column":35}},"loc":{"start":{"line":8,"column":48},"end":{"line":27,"column":1}},"line":8}},"branchMap":{},"s":{"0":1,"1":11},"f":{"0":11},"b":{},"_coverageSchema":"1a1c01bbd47fc00a2c39e90264f33305004495a9","hash":"c635f5768f402c84cb8ef550fe355733c06d4bca"}
,"/Users/andrew/Desktop/Hack Reactor/FEC/src/components/related_products/ProductCarousel.jsx": {"path":"/Users/andrew/Desktop/Hack Reactor/FEC/src/components/related_products/ProductCarousel.jsx","statementMap":{"0":{"start":{"line":6,"column":21},"end":{"line":6,"column":75}},"1":{"start":{"line":7,"column":19},"end":{"line":7,"column":62}},"2":{"start":{"line":12,"column":23},"end":{"line":12,"column":85}},"3":{"start":{"line":12,"column":49},"end":{"line":12,"column":83}},"4":{"start":{"line":13,"column":12},"end":{"line":13,"column":31}},"5":{"start":{"line":15,"column":22},"end":{"line":15,"column":42}},"6":{"start":{"line":17,"column":40},"end":{"line":17,"column":51}},"7":{"start":{"line":19,"column":23},"end":{"line":19,"column":35}},"8":{"start":{"line":21,"column":22},"end":{"line":29,"column":3}},"9":{"start":{"line":23,"column":25},"end":{"line":23,"column":72}},"10":{"start":{"line":25,"column":22},"end":{"line":25,"column":62}},"11":{"start":{"line":28,"column":4},"end":{"line":28,"column":62}},"12":{"start":{"line":31,"column":21},"end":{"line":34,"column":3}},"13":{"start":{"line":33,"column":4},"end":{"line":33,"column":50}},"14":{"start":{"line":36,"column":24},"end":{"line":42,"column":3}},"15":{"start":{"line":44,"column":22},"end":{"line":56,"column":3}},"16":{"start":{"line":58,"column":2},"end":{"line":68,"column":4}}},"fnMap":{"0":{"name":"ProductCarousel","decl":{"start":{"line":10,"column":24},"end":{"line":10,"column":39}},"loc":{"start":{"line":10,"column":42},"end":{"line":69,"column":1}},"line":10},"1":{"name":"(anonymous_1)","decl":{"start":{"line":12,"column":38},"end":{"line":12,"column":39}},"loc":{"start":{"line":12,"column":49},"end":{"line":12,"column":83}},"line":12},"2":{"name":"(anonymous_2)","decl":{"start":{"line":21,"column":22},"end":{"line":21,"column":23}},"loc":{"start":{"line":21,"column":28},"end":{"line":29,"column":3}},"line":21},"3":{"name":"(anonymous_3)","decl":{"start":{"line":31,"column":21},"end":{"line":31,"column":22}},"loc":{"start":{"line":31,"column":27},"end":{"line":34,"column":3}},"line":31}},"branchMap":{"0":{"loc":{"start":{"line":46,"column":17},"end":{"line":46,"column":49}},"type":"cond-expr","locations":[{"start":{"line":46,"column":31},"end":{"line":46,"column":35}},{"start":{"line":46,"column":38},"end":{"line":46,"column":49}}],"line":46},"1":{"loc":{"start":{"line":51,"column":8},"end":{"line":53,"column":26}},"type":"cond-expr","locations":[{"start":{"line":51,"column":34},"end":{"line":51,"column":38}},{"start":{"line":52,"column":8},"end":{"line":53,"column":26}}],"line":51},"2":{"loc":{"start":{"line":52,"column":8},"end":{"line":53,"column":26}},"type":"cond-expr","locations":[{"start":{"line":53,"column":8},"end":{"line":53,"column":19}},{"start":{"line":53,"column":22},"end":{"line":53,"column":26}}],"line":52}},"s":{"0":1,"1":1,"2":1,"3":11,"4":1,"5":1,"6":1,"7":1,"8":1,"9":0,"10":0,"11":0,"12":1,"13":0,"14":1,"15":1,"16":1},"f":{"0":1,"1":11,"2":0,"3":0},"b":{"0":[0,1],"1":[1,0],"2":[0,0]},"_coverageSchema":"1a1c01bbd47fc00a2c39e90264f33305004495a9","hash":"f8c3427b14ed51ac82979757200599a1bdd4e132"}
,"/Users/andrew/Desktop/Hack Reactor/FEC/src/components/related_products/RelatedProducts.jsx": {"path":"/Users/andrew/Desktop/Hack Reactor/FEC/src/components/related_products/RelatedProducts.jsx","statementMap":{"0":{"start":{"line":9,"column":2},"end":{"line":20,"column":4}}},"fnMap":{"0":{"name":"RelatedProducts","decl":{"start":{"line":8,"column":24},"end":{"line":8,"column":39}},"loc":{"start":{"line":8,"column":42},"end":{"line":21,"column":1}},"line":8}},"branchMap":{},"s":{"0":1},"f":{"0":1},"b":{},"_coverageSchema":"1a1c01bbd47fc00a2c39e90264f33305004495a9","hash":"90474a051a4ce009dde511d339a7fcc6723a2c13"}
,"/Users/andrew/Desktop/Hack Reactor/FEC/src/components/shared/ImageModal.jsx": {"path":"/Users/andrew/Desktop/Hack Reactor/FEC/src/components/shared/ImageModal.jsx","statementMap":{"0":{"start":{"line":29,"column":2},"end":{"line":35,"column":4}}},"fnMap":{"0":{"name":"ImageModal","decl":{"start":{"line":28,"column":24},"end":{"line":28,"column":34}},"loc":{"start":{"line":28,"column":53},"end":{"line":36,"column":1}},"line":28}},"branchMap":{},"s":{"0":0},"f":{"0":0},"b":{},"_coverageSchema":"1a1c01bbd47fc00a2c39e90264f33305004495a9","hash":"37b039d9028230b63acbda557c5ddd0f8ac2fe49"}
,"/Users/andrew/Desktop/Hack Reactor/FEC/src/components/shared/StarRating.jsx": {"path":"/Users/andrew/Desktop/Hack Reactor/FEC/src/components/shared/StarRating.jsx","statementMap":{"0":{"start":{"line":5,"column":17},"end":{"line":5,"column":19}},"1":{"start":{"line":7,"column":2},"end":{"line":14,"column":3}},"2":{"start":{"line":7,"column":15},"end":{"line":7,"column":16}},"3":{"start":{"line":8,"column":4},"end":{"line":13,"column":5}},"4":{"start":{"line":9,"column":20},"end":{"line":9,"column":61}},"5":{"start":{"line":10,"column":6},"end":{"line":10,"column":25}},"6":{"start":{"line":12,"column":6},"end":{"line":12,"column":38}},"7":{"start":{"line":17,"column":19},"end":{"line":26,"column":4}},"8":{"start":{"line":18,"column":4},"end":{"line":18,"column":37}},"9":{"start":{"line":18,"column":24},"end":{"line":18,"column":37}},"10":{"start":{"line":19,"column":4},"end":{"line":19,"column":37}},"11":{"start":{"line":19,"column":24},"end":{"line":19,"column":37}},"12":{"start":{"line":21,"column":4},"end":{"line":25,"column":6}},"13":{"start":{"line":29,"column":2},"end":{"line":29,"column":56}}},"fnMap":{"0":{"name":"StarRating","decl":{"start":{"line":4,"column":24},"end":{"line":4,"column":34}},"loc":{"start":{"line":4,"column":46},"end":{"line":30,"column":1}},"line":4},"1":{"name":"(anonymous_1)","decl":{"start":{"line":17,"column":30},"end":{"line":17,"column":31}},"loc":{"start":{"line":17,"column":48},"end":{"line":26,"column":3}},"line":17}},"branchMap":{"0":{"loc":{"start":{"line":8,"column":4},"end":{"line":13,"column":5}},"type":"if","locations":[{"start":{"line":8,"column":4},"end":{"line":13,"column":5}},{"start":{"line":11,"column":11},"end":{"line":13,"column":5}}],"line":8},"1":{"loc":{"start":{"line":8,"column":8},"end":{"line":8,"column":34}},"type":"binary-expr","locations":[{"start":{"line":8,"column":8},"end":{"line":8,"column":17}},{"start":{"line":8,"column":21},"end":{"line":8,"column":34}}],"line":8},"2":{"loc":{"start":{"line":12,"column":18},"end":{"line":12,"column":36}},"type":"cond-expr","locations":[{"start":{"line":12,"column":31},"end":{"line":12,"column":32}},{"start":{"line":12,"column":35},"end":{"line":12,"column":36}}],"line":12},"3":{"loc":{"start":{"line":18,"column":4},"end":{"line":18,"column":37}},"type":"if","locations":[{"start":{"line":18,"column":4},"end":{"line":18,"column":37}},{"start":{},"end":{}}],"line":18},"4":{"loc":{"start":{"line":19,"column":4},"end":{"line":19,"column":37}},"type":"if","locations":[{"start":{"line":19,"column":4},"end":{"line":19,"column":37}},{"start":{},"end":{}}],"line":19}},"s":{"0":12,"1":12,"2":12,"3":60,"4":5,"5":5,"6":55,"7":12,"8":60,"9":1,"10":60,"11":1,"12":60,"13":12},"f":{"0":12,"1":60},"b":{"0":[5,55],"1":[60,25],"2":[35,20],"3":[1,59],"4":[1,59]},"_coverageSchema":"1a1c01bbd47fc00a2c39e90264f33305004495a9","hash":"e7bd86f64cdcd9cc0590a62c23b9e01c0d29a25e"}
,"/Users/andrew/Desktop/Hack Reactor/FEC/src/components/shared/StarReference.jsx": {"path":"/Users/andrew/Desktop/Hack Reactor/FEC/src/components/shared/StarReference.jsx","statementMap":{"0":{"start":{"line":5,"column":26},"end":{"line":18,"column":1}},"1":{"start":{"line":6,"column":47},"end":{"line":6,"column":70}},"2":{"start":{"line":7,"column":17},"end":{"line":7,"column":19}},"3":{"start":{"line":9,"column":2},"end":{"line":15,"column":3}},"4":{"start":{"line":9,"column":15},"end":{"line":9,"column":16}},"5":{"start":{"line":10,"column":14},"end":{"line":10,"column":49}},"6":{"start":{"line":11,"column":14},"end":{"line":11,"column":45}},"7":{"start":{"line":12,"column":14},"end":{"line":12,"column":45}},"8":{"start":{"line":14,"column":4},"end":{"line":14,"column":77}},"9":{"start":{"line":17,"column":2},"end":{"line":17,"column":26}},"10":{"start":{"line":24,"column":23},"end":{"line":37,"column":4}},"11":{"start":{"line":25,"column":18},"end":{"line":29,"column":5}},"12":{"start":{"line":31,"column":4},"end":{"line":36,"column":6}},"13":{"start":{"line":39,"column":23},"end":{"line":43,"column":3}},"14":{"start":{"line":46,"column":2},"end":{"line":53,"column":4}}},"fnMap":{"0":{"name":"(anonymous_0)","decl":{"start":{"line":5,"column":26},"end":{"line":5,"column":27}},"loc":{"start":{"line":5,"column":32},"end":{"line":18,"column":1}},"line":5},"1":{"name":"StarReference","decl":{"start":{"line":22,"column":24},"end":{"line":22,"column":37}},"loc":{"start":{"line":22,"column":40},"end":{"line":54,"column":1}},"line":22},"2":{"name":"(anonymous_2)","decl":{"start":{"line":24,"column":48},"end":{"line":24,"column":49}},"loc":{"start":{"line":24,"column":59},"end":{"line":37,"column":3}},"line":24}},"branchMap":{"0":{"loc":{"start":{"line":10,"column":14},"end":{"line":10,"column":49}},"type":"cond-expr","locations":[{"start":{"line":10,"column":24},"end":{"line":10,"column":35}},{"start":{"line":10,"column":38},"end":{"line":10,"column":49}}],"line":10}},"s":{"0":1,"1":1,"2":1,"3":1,"4":1,"5":10,"6":10,"7":10,"8":10,"9":1,"10":1,"11":5,"12":5,"13":1,"14":1},"f":{"0":1,"1":1,"2":5},"b":{"0":[5,5]},"_coverageSchema":"1a1c01bbd47fc00a2c39e90264f33305004495a9","hash":"b6bc8ce6bed0c088dd2ada17b75d3a1ec0bd7092"}
,"/Users/andrew/Desktop/Hack Reactor/FEC/src/components/shared/UserDateInfo.jsx": {"path":"/Users/andrew/Desktop/Hack Reactor/FEC/src/components/shared/UserDateInfo.jsx","statementMap":{"0":{"start":{"line":6,"column":24},"end":{"line":6,"column":63}},"1":{"start":{"line":8,"column":2},"end":{"line":12,"column":4}}},"fnMap":{"0":{"name":"UserDateInfo","decl":{"start":{"line":5,"column":24},"end":{"line":5,"column":36}},"loc":{"start":{"line":5,"column":53},"end":{"line":13,"column":1}},"line":5}},"branchMap":{},"s":{"0":0,"1":0},"f":{"0":0},"b":{},"_coverageSchema":"1a1c01bbd47fc00a2c39e90264f33305004495a9","hash":"b323f15a0cb6a679039af62a9f11966feb033138"}
}
