{"/Users/gbennettbrandt/Desktop/BootCamp/Week 6/FEC/src/components/overview/buttons/buttons.jsx": {"path":"/Users/gbennettbrandt/Desktop/BootCamp/Week 6/FEC/src/components/overview/buttons/buttons.jsx","statementMap":{"0":{"start":{"line":10,"column":16},"end":{"line":68,"column":3}},"1":{"start":{"line":70,"column":19},"end":{"line":70,"column":24}},"2":{"start":{"line":71,"column":31},"end":{"line":71,"column":61}},"3":{"start":{"line":72,"column":26},"end":{"line":72,"column":40}},"4":{"start":{"line":73,"column":33},"end":{"line":73,"column":48}},"5":{"start":{"line":74,"column":41},"end":{"line":74,"column":56}},"6":{"start":{"line":77,"column":4},"end":{"line":77,"column":32}},"7":{"start":{"line":78,"column":4},"end":{"line":78,"column":28}},"8":{"start":{"line":82,"column":4},"end":{"line":82,"column":26}},"9":{"start":{"line":86,"column":4},"end":{"line":86,"column":34}},"10":{"start":{"line":89,"column":2},"end":{"line":134,"column":4}},"11":{"start":{"line":98,"column":16},"end":{"line":108,"column":22}},"12":{"start":{"line":120,"column":88},"end":{"line":120,"column":95}},"13":{"start":{"line":121,"column":18},"end":{"line":123,"column":24}}},"fnMap":{"0":{"name":"Buttons","decl":{"start":{"line":9,"column":24},"end":{"line":9,"column":31}},"loc":{"start":{"line":9,"column":34},"end":{"line":135,"column":1}},"line":9},"1":{"name":"selectSize","decl":{"start":{"line":76,"column":11},"end":{"line":76,"column":21}},"loc":{"start":{"line":76,"column":29},"end":{"line":79,"column":3}},"line":76},"2":{"name":"sizeClick","decl":{"start":{"line":81,"column":11},"end":{"line":81,"column":20}},"loc":{"start":{"line":81,"column":23},"end":{"line":83,"column":3}},"line":81},"3":{"name":"quantityClick","decl":{"start":{"line":85,"column":11},"end":{"line":85,"column":24}},"loc":{"start":{"line":85,"column":27},"end":{"line":87,"column":3}},"line":85},"4":{"name":"(anonymous_4)","decl":{"start":{"line":97,"column":39},"end":{"line":97,"column":40}},"loc":{"start":{"line":98,"column":16},"end":{"line":108,"column":22}},"line":98},"5":{"name":"(anonymous_5)","decl":{"start":{"line":120,"column":79},"end":{"line":120,"column":80}},"loc":{"start":{"line":120,"column":88},"end":{"line":120,"column":95}},"line":120},"6":{"name":"(anonymous_6)","decl":{"start":{"line":120,"column":101},"end":{"line":120,"column":102}},"loc":{"start":{"line":121,"column":18},"end":{"line":123,"column":24}},"line":121}},"branchMap":{"0":{"loc":{"start":{"line":96,"column":12},"end":{"line":110,"column":22}},"type":"cond-expr","locations":[{"start":{"line":97,"column":17},"end":{"line":109,"column":16}},{"start":{"line":110,"column":18},"end":{"line":110,"column":22}}],"line":96},"1":{"loc":{"start":{"line":117,"column":12},"end":{"line":125,"column":22}},"type":"cond-expr","locations":[{"start":{"line":120,"column":16},"end":{"line":124,"column":18}},{"start":{"line":125,"column":18},"end":{"line":125,"column":22}}],"line":117}},"s":{"0":1,"1":1,"2":1,"3":1,"4":1,"5":1,"6":0,"7":0,"8":0,"9":0,"10":1,"11":0,"12":0,"13":0},"f":{"0":1,"1":0,"2":0,"3":0,"4":0,"5":0,"6":0},"b":{"0":[0,1],"1":[0,1]},"_coverageSchema":"1a1c01bbd47fc00a2c39e90264f33305004495a9","hash":"94a690c1f65e7f36ad05e5be233bc6b10cff35ea"}
,"/Users/gbennettbrandt/Desktop/BootCamp/Week 6/FEC/src/components/ratings_reviews/modals/ReviewErrorMessage.jsx": {"path":"/Users/gbennettbrandt/Desktop/BootCamp/Week 6/FEC/src/components/ratings_reviews/modals/ReviewErrorMessage.jsx","statementMap":{"0":{"start":{"line":4,"column":2},"end":{"line":12,"column":4}}},"fnMap":{"0":{"name":"ReviewErrorMessage","decl":{"start":{"line":3,"column":24},"end":{"line":3,"column":42}},"loc":{"start":{"line":3,"column":45},"end":{"line":13,"column":1}},"line":3}},"branchMap":{},"s":{"0":1},"f":{"0":1},"b":{},"_coverageSchema":"1a1c01bbd47fc00a2c39e90264f33305004495a9","hash":"5a2e9a36104d477d052ae2ec2799566a11279ffd"}
}
