TN:
SF:src/components/overview/buttons/buttons.jsx
FN:9,Buttons
FN:76,selectSize
FN:81,sizeClick
FN:85,quantityClick
FN:97,(anonymous_4)
FN:120,(anonymous_5)
FN:120,(anonymous_6)
FNF:7
FNH:1
FNDA:1,Buttons
FNDA:0,selectSize
FNDA:0,sizeClick
FNDA:0,quantityClick
FNDA:0,(anonymous_4)
FNDA:0,(anonymous_5)
FNDA:0,(anonymous_6)
DA:10,1
DA:70,1
DA:71,1
DA:72,1
DA:73,1
DA:74,1
DA:77,0
DA:78,0
DA:82,0
DA:86,0
DA:89,1
DA:98,0
DA:120,0
DA:121,0
LF:14
LH:7
BRDA:96,0,0,0
BRDA:96,0,1,1
BRDA:117,1,0,0
BRDA:117,1,1,1
BRF:4
BRH:2
end_of_record
TN:
SF:src/components/ratings_reviews/modals/ReviewErrorMessage.jsx
FN:3,ReviewErrorMessage
FNF:1
FNH:1
FNDA:1,ReviewErrorMessage
DA:4,1
LF:1
LH:1
BRF:0
BRH:0
end_of_record
