TN:
SF:src/components/App.jsx
FN:9,App
FNF:1
FNH:1
FNDA:1,App
DA:10,1
LF:1
LH:1
BRF:0
BRH:0
end_of_record
TN:
SF:src/components/overview/Overview.jsx
FN:25,Overview
FNF:1
FNH:0
FNDA:0,Overview
DA:26,0
LF:1
LH:0
BRF:0
BRH:0
end_of_record
TN:
SF:src/components/overview/announcement.jsx
FN:4,Banner
FNF:1
FNH:0
FNDA:0,Banner
DA:5,0
LF:1
LH:0
BRF:0
BRH:0
end_of_record
TN:
SF:src/components/overview/navbar.jsx
FN:4,Nav
FNF:1
FNH:0
FNDA:0,Nav
DA:5,0
LF:1
LH:0
BRF:0
BRH:0
end_of_record
TN:
SF:src/components/overview/buttons/buttons.jsx
FN:4,Buttons
FNF:1
FNH:0
FNDA:0,Buttons
DA:5,0
DA:19,1
LF:2
LH:1
BRF:0
BRH:0
end_of_record
TN:
SF:src/components/overview/main_image/image_carousel.jsx
FN:5,ImageCarousel
FN:17,(anonymous_1)
FN:29,handleNav
FN:40,handleExpand
FN:55,(anonymous_4)
FNF:5
FNH:0
FNDA:0,ImageCarousel
FNDA:0,(anonymous_1)
FNDA:0,handleNav
FNDA:0,handleExpand
FNDA:0,(anonymous_4)
DA:6,0
DA:15,0
DA:17,0
DA:18,0
DA:19,0
DA:20,0
DA:21,0
DA:23,0
DA:26,0
DA:27,0
DA:32,0
DA:33,0
DA:35,0
DA:37,0
DA:41,0
DA:44,0
DA:56,0
DA:76,1
LF:18
LH:1
BRDA:18,0,0,0
BRDA:18,0,1,0
BRDA:20,1,0,0
BRDA:20,1,1,0
BRDA:32,2,0,0
BRDA:32,2,1,0
BRDA:48,3,0,0
BRDA:48,3,1,0
BRDA:59,4,0,0
BRDA:59,4,1,0
BRF:10
BRH:0
end_of_record
TN:
SF:src/components/overview/main_image/thumbnails.jsx
FN:4,Thumbnails
FN:19,(anonymous_1)
FNF:2
FNH:0
FNDA:0,Thumbnails
FNDA:0,(anonymous_1)
DA:5,0
DA:14,0
DA:20,0
DA:32,1
LF:4
LH:1
BRF:0
BRH:0
end_of_record
TN:
SF:src/components/overview/product_description/product_description.jsx
FN:4,Description
FN:24,(anonymous_1)
FNF:2
FNH:0
FNDA:0,Description
FNDA:0,(anonymous_1)
DA:5,0
DA:13,0
DA:15,0
DA:25,0
DA:37,1
LF:5
LH:1
BRF:0
BRH:0
end_of_record
TN:
SF:src/components/overview/product_header/product_info.jsx
FN:6,ProductInfo
FNF:1
FNH:0
FNDA:0,ProductInfo
DA:7,0
DA:11,0
DA:31,1
LF:3
LH:1
BRF:0
BRH:0
end_of_record
TN:
SF:src/components/overview/styles/styles.jsx
FN:4,Styles
FN:29,(anonymous_1)
FNF:2
FNH:0
FNDA:0,Styles
FNDA:0,(anonymous_1)
DA:5,0
DA:13,0
DA:15,0
DA:30,0
LF:4
LH:0
BRF:0
BRH:0
end_of_record
TN:
SF:src/components/qa/AddAnswer.jsx
FN:17,App
FN:29,(anonymous_1)
FN:50,(anonymous_2)
FN:51,(anonymous_3)
FNF:4
FNH:0
FNDA:0,App
FNDA:0,(anonymous_1)
FNDA:0,(anonymous_2)
FNDA:0,(anonymous_3)
DA:4,1
DA:18,0
DA:19,0
DA:20,0
DA:21,0
DA:22,0
DA:24,0
DA:29,0
DA:50,0
DA:51,0
LF:10
LH:1
BRF:0
BRH:0
end_of_record
TN:
SF:src/components/qa/AddQuestion.jsx
FNF:0
FNH:0
LF:0
LH:0
BRF:0
BRH:0
end_of_record
TN:
SF:src/components/qa/AnswerList.jsx
FN:7,AnswerList
FN:18,(anonymous_1)
FN:24,(anonymous_2)
FN:29,(anonymous_3)
FN:30,(anonymous_4)
FN:33,(anonymous_5)
FN:38,(anonymous_6)
FN:46,(anonymous_7)
FNF:8
FNH:0
FNDA:0,AnswerList
FNDA:0,(anonymous_1)
FNDA:0,(anonymous_2)
FNDA:0,(anonymous_3)
FNDA:0,(anonymous_4)
FNDA:0,(anonymous_5)
FNDA:0,(anonymous_6)
FNDA:0,(anonymous_7)
DA:10,0
DA:11,0
DA:12,0
DA:13,0
DA:14,0
DA:16,0
DA:18,0
DA:19,0
DA:20,0
DA:21,0
DA:24,0
DA:25,0
DA:26,0
DA:29,0
DA:30,0
DA:33,0
DA:34,0
DA:35,0
DA:38,0
DA:39,0
DA:40,0
DA:41,0
DA:42,0
DA:44,0
DA:46,0
LF:25
LH:0
BRDA:19,0,0,0
BRDA:19,0,1,0
BRDA:25,1,0,0
BRDA:25,1,1,0
BRDA:30,2,0,0
BRDA:30,2,1,0
BRDA:30,3,0,0
BRDA:30,3,1,0
BRDA:47,4,0,0
BRDA:47,4,1,0
BRDA:48,5,0,0
BRDA:48,5,1,0
BRF:12
BRH:0
end_of_record
TN:
SF:src/components/qa/AnswerListItem.jsx
FN:10,AnswerListItem
FN:22,(anonymous_1)
FNF:2
FNH:0
FNDA:0,AnswerListItem
FNDA:0,(anonymous_1)
DA:16,0
DA:22,0
LF:2
LH:0
BRF:0
BRH:0
end_of_record
TN:
SF:src/components/qa/HelpfulButton.jsx
FN:4,HelpfulButton
FN:8,(anonymous_1)
FN:15,(anonymous_2)
FNF:3
FNH:0
FNDA:0,HelpfulButton
FNDA:0,(anonymous_1)
FNDA:0,(anonymous_2)
DA:5,0
DA:6,0
DA:8,0
DA:9,0
DA:10,0
DA:11,0
DA:12,0
DA:15,0
DA:16,0
DA:17,0
DA:20,0
LF:11
LH:0
BRDA:26,0,0,0
BRDA:26,0,1,0
BRDA:35,1,0,0
BRDA:35,1,1,0
BRF:4
BRH:0
end_of_record
TN:
SF:src/components/qa/PhotoList.jsx
FN:4,PhotoList
FNF:1
FNH:0
FNDA:0,PhotoList
DA:5,0
LF:1
LH:0
BRF:0
BRH:0
end_of_record
TN:
SF:src/components/qa/QuestionList.jsx
FN:10,QuestionList
FN:19,(anonymous_1)
FN:26,(anonymous_2)
FN:27,(anonymous_3)
FN:30,(anonymous_4)
FN:34,(anonymous_5)
FN:43,(anonymous_6)
FNF:7
FNH:0
FNDA:0,QuestionList
FNDA:0,(anonymous_1)
FNDA:0,(anonymous_2)
FNDA:0,(anonymous_3)
FNDA:0,(anonymous_4)
FNDA:0,(anonymous_5)
FNDA:0,(anonymous_6)
DA:11,0
DA:12,0
DA:13,0
DA:14,0
DA:15,0
DA:17,0
DA:19,0
DA:20,0
DA:21,0
DA:22,0
DA:26,0
DA:27,0
DA:30,0
DA:31,0
DA:32,0
DA:34,0
DA:35,0
DA:36,0
DA:37,0
DA:38,0
DA:41,0
DA:43,0
LF:22
LH:0
BRDA:20,0,0,0
BRDA:20,0,1,0
BRDA:27,1,0,0
BRDA:27,1,1,0
BRDA:27,2,0,0
BRDA:27,2,1,0
BRDA:45,3,0,0
BRDA:45,3,1,0
BRDA:46,4,0,0
BRDA:46,4,1,0
BRF:10
BRH:0
end_of_record
TN:
SF:src/components/qa/QuestionListItem.jsx
FN:8,QuestionListItem
FN:13,(anonymous_1)
FN:14,(anonymous_2)
FNF:3
FNH:0
FNDA:0,QuestionListItem
FNDA:0,(anonymous_1)
FNDA:0,(anonymous_2)
DA:9,0
DA:10,0
DA:11,0
DA:13,0
DA:14,0
DA:15,0
DA:16,0
DA:17,0
DA:21,0
DA:22,0
LF:10
LH:0
BRDA:21,0,0,0
BRDA:21,0,1,0
BRF:2
BRH:0
end_of_record
TN:
SF:src/components/qa/QuestionsAnswers.jsx
FN:11,QuestionsAnswers
FN:16,(anonymous_1)
FN:17,(anonymous_2)
FNF:3
FNH:2
FNDA:1,QuestionsAnswers
FNDA:1,(anonymous_1)
FNDA:0,(anonymous_2)
DA:12,1
DA:13,1
DA:14,1
DA:16,1
DA:17,1
DA:18,0
DA:19,0
DA:21,0
DA:25,1
DA:26,0
LF:10
LH:6
BRDA:25,0,0,0
BRDA:25,0,1,1
BRDA:33,1,0,0
BRDA:33,1,1,0
BRF:4
BRH:1
end_of_record
TN:
SF:src/components/qa/ReportButton.jsx
FN:3,ReportButton
FN:5,(anonymous_1)
FNF:2
FNH:0
FNDA:0,ReportButton
FNDA:0,(anonymous_1)
DA:4,0
DA:5,0
DA:6,0
DA:8,0
LF:4
LH:0
BRDA:10,0,0,0
BRDA:10,0,1,0
BRDA:11,1,0,0
BRDA:11,1,1,0
BRF:4
BRH:0
end_of_record
TN:
SF:src/components/qa/Search.jsx
FN:5,Search
FN:8,(anonymous_1)
FN:13,(anonymous_2)
FNF:3
FNH:0
FNDA:0,Search
FNDA:0,(anonymous_1)
FNDA:0,(anonymous_2)
DA:6,0
DA:8,0
DA:9,0
DA:13,0
DA:14,0
DA:15,0
DA:18,0
LF:7
LH:0
BRDA:9,0,0,0
BRDA:9,0,1,0
BRF:2
BRH:0
end_of_record
TN:
SF:src/components/ratings_reviews/RatingsReviews.jsx
FN:16,RatingsReviews
FN:23,(anonymous_1)
FN:29,(anonymous_2)
FN:36,(anonymous_3)
FN:37,(anonymous_4)
FN:42,(anonymous_5)
FN:46,(anonymous_6)
FNF:7
FNH:3
FNDA:1,RatingsReviews
FNDA:1,(anonymous_1)
FNDA:0,(anonymous_2)
FNDA:1,(anonymous_3)
FNDA:0,(anonymous_4)
FNDA:0,(anonymous_5)
FNDA:0,(anonymous_6)
DA:7,1
DA:17,1
DA:18,1
DA:19,1
DA:20,1
DA:21,1
DA:23,1
DA:24,1
DA:30,0
DA:32,0
DA:36,1
DA:37,1
DA:38,0
DA:42,1
DA:43,0
DA:46,1
DA:47,0
DA:50,1
LF:18
LH:13
BRDA:55,0,0,1
BRDA:55,0,1,0
BRF:2
BRH:1
end_of_record
TN:
SF:src/components/ratings_reviews/modals/Characteristic.jsx
FN:6,Characteristic
FN:19,(anonymous_1)
FN:26,(anonymous_2)
FN:32,(anonymous_3)
FN:38,(anonymous_4)
FN:44,(anonymous_5)
FNF:6
FNH:0
FNDA:0,Characteristic
FNDA:0,(anonymous_1)
FNDA:0,(anonymous_2)
FNDA:0,(anonymous_3)
FNDA:0,(anonymous_4)
FNDA:0,(anonymous_5)
DA:9,0
DA:19,0
DA:26,0
DA:32,0
DA:38,0
DA:44,0
LF:6
LH:0
BRF:0
BRH:0
end_of_record
TN:
SF:src/components/ratings_reviews/modals/ReviewErrorMessage.jsx
FN:3,ReviewErrorMessage
FNF:1
FNH:1
FNDA:1,ReviewErrorMessage
DA:4,1
LF:1
LH:1
BRF:0
BRH:0
end_of_record
TN:
SF:src/components/ratings_reviews/modals/ReviewModal.jsx
FN:12,ReviewModal
FN:28,(anonymous_1)
FN:34,(anonymous_2)
FN:38,(anonymous_3)
FN:58,(anonymous_4)
FN:89,(anonymous_5)
FN:109,(anonymous_6)
FN:118,(anonymous_7)
FN:142,(anonymous_8)
FN:146,(anonymous_9)
FN:167,(anonymous_10)
FN:172,(anonymous_11)
FN:180,(anonymous_12)
FN:186,(anonymous_13)
FNF:14
FNH:0
FNDA:0,ReviewModal
FNDA:0,(anonymous_1)
FNDA:0,(anonymous_2)
FNDA:0,(anonymous_3)
FNDA:0,(anonymous_4)
FNDA:0,(anonymous_5)
FNDA:0,(anonymous_6)
FNDA:0,(anonymous_7)
FNDA:0,(anonymous_8)
FNDA:0,(anonymous_9)
FNDA:0,(anonymous_10)
FNDA:0,(anonymous_11)
FNDA:0,(anonymous_12)
FNDA:0,(anonymous_13)
DA:14,0
DA:15,0
DA:16,0
DA:17,0
DA:18,0
DA:19,0
DA:20,0
DA:21,0
DA:23,0
DA:24,0
DA:25,0
DA:28,0
DA:29,0
DA:30,0
DA:34,0
DA:35,0
DA:38,0
DA:39,0
DA:40,0
DA:41,0
DA:43,0
DA:44,0
DA:45,0
DA:46,0
DA:59,0
DA:81,0
DA:82,0
DA:83,0
DA:84,0
DA:85,0
DA:86,0
DA:88,0
DA:89,0
DA:90,0
DA:93,0
DA:94,0
DA:95,0
DA:96,0
DA:97,0
DA:98,0
DA:99,0
DA:100,0
DA:101,0
DA:102,0
DA:103,0
DA:104,0
DA:106,0
DA:109,0
DA:110,0
DA:111,0
DA:115,0
DA:118,0
DA:142,0
DA:146,0
DA:167,0
DA:172,0
DA:180,0
DA:186,0
LF:58
LH:0
BRDA:29,0,0,0
BRDA:29,0,1,0
BRDA:40,1,0,0
BRDA:40,1,1,0
BRDA:40,2,0,0
BRDA:40,2,1,0
BRDA:93,3,0,0
BRDA:93,3,1,0
BRDA:95,4,0,0
BRDA:95,4,1,0
BRDA:97,5,0,0
BRDA:97,5,1,0
BRDA:99,6,0,0
BRDA:99,6,1,0
BRDA:101,7,0,0
BRDA:101,7,1,0
BRDA:103,8,0,0
BRDA:103,8,1,0
BRDA:110,9,0,0
BRDA:110,9,1,0
BRDA:188,10,0,0
BRDA:188,10,1,0
BRDA:201,11,0,0
BRDA:201,11,1,0
BRF:24
BRH:0
end_of_record
TN:
SF:src/components/ratings_reviews/modals/StarMeaning.jsx
FN:3,StarMeaning
FNF:1
FNH:0
FNDA:0,StarMeaning
DA:6,0
DA:7,0
DA:8,0
DA:9,0
DA:10,0
DA:11,0
DA:12,0
DA:13,0
DA:14,0
DA:15,0
DA:16,0
DA:17,0
DA:20,0
LF:13
LH:0
BRDA:6,0,0,0
BRDA:6,0,1,0
BRDA:8,1,0,0
BRDA:8,1,1,0
BRDA:10,2,0,0
BRDA:10,2,1,0
BRDA:12,3,0,0
BRDA:12,3,1,0
BRDA:14,4,0,0
BRDA:14,4,1,0
BRDA:16,5,0,0
BRDA:16,5,1,0
BRF:12
BRH:0
end_of_record
TN:
SF:src/components/ratings_reviews/modals/StarRatingReview.jsx
FN:4,StarRating
FN:17,(anonymous_1)
FN:22,(anonymous_2)
FNF:3
FNH:0
FNDA:0,StarRating
FNDA:0,(anonymous_1)
FNDA:0,(anonymous_2)
DA:5,0
DA:7,0
DA:8,0
DA:9,0
DA:10,0
DA:12,0
DA:17,0
DA:18,0
DA:19,0
DA:21,0
DA:22,0
DA:29,0
LF:12
LH:0
BRDA:8,0,0,0
BRDA:8,0,1,0
BRDA:8,1,0,0
BRDA:8,1,1,0
BRDA:12,2,0,0
BRDA:12,2,1,0
BRDA:18,3,0,0
BRDA:18,3,1,0
BRDA:19,4,0,0
BRDA:19,4,1,0
BRF:10
BRH:0
end_of_record
TN:
SF:src/components/ratings_reviews/ratings_breakdown/ProductBreakdownList.jsx
FN:10,(anonymous_0)
FN:12,(anonymous_1)
FN:18,ProductBreakdownList
FN:27,(anonymous_3)
FN:43,(anonymous_4)
FN:47,(anonymous_5)
FNF:6
FNH:2
FNDA:0,(anonymous_0)
FNDA:0,(anonymous_1)
FNDA:1,ProductBreakdownList
FNDA:0,(anonymous_3)
FNDA:1,(anonymous_4)
FNDA:0,(anonymous_5)
DA:10,1
DA:11,0
DA:12,0
DA:13,0
DA:15,0
DA:19,1
DA:20,1
DA:21,1
DA:22,1
DA:23,1
DA:24,1
DA:25,1
DA:27,1
DA:28,0
DA:29,0
DA:30,0
DA:31,0
DA:32,0
DA:33,0
DA:34,0
DA:35,0
DA:36,0
DA:37,0
DA:38,0
DA:39,0
DA:43,1
DA:44,1
DA:45,1
DA:46,0
DA:47,0
DA:48,0
DA:53,1
LF:32
LH:13
BRDA:28,0,0,0
BRDA:28,0,1,0
BRDA:30,1,0,0
BRDA:30,1,1,0
BRDA:32,2,0,0
BRDA:32,2,1,0
BRDA:34,3,0,0
BRDA:34,3,1,0
BRDA:36,4,0,0
BRDA:36,4,1,0
BRDA:38,5,0,0
BRDA:38,5,1,0
BRDA:45,6,0,0
BRDA:45,6,1,1
BRDA:56,7,0,0
BRDA:56,7,1,1
BRDA:57,8,0,0
BRDA:57,8,1,1
BRDA:58,9,0,0
BRDA:58,9,1,1
BRDA:59,10,0,0
BRDA:59,10,1,1
BRDA:60,11,0,0
BRDA:60,11,1,1
BRDA:61,12,0,0
BRDA:61,12,1,1
BRF:26
BRH:7
end_of_record
TN:
SF:src/components/ratings_reviews/ratings_breakdown/RatingsBreakdown.jsx
FN:7,(anonymous_0)
FN:21,(anonymous_1)
FN:27,RatingsBreakdown
FN:35,(anonymous_3)
FNF:4
FNH:2
FNDA:0,(anonymous_0)
FNDA:0,(anonymous_1)
FNDA:1,RatingsBreakdown
FNDA:1,(anonymous_3)
DA:7,1
DA:8,0
DA:9,0
DA:11,0
DA:12,0
DA:13,0
DA:14,0
DA:17,0
DA:18,0
DA:21,1
DA:22,0
DA:23,0
DA:24,0
DA:28,1
DA:29,1
DA:30,1
DA:31,1
DA:32,1
DA:35,1
DA:36,1
DA:37,0
DA:38,0
DA:39,0
DA:40,0
DA:41,0
DA:42,0
DA:46,1
LF:27
LH:10
BRDA:36,0,0,0
BRDA:36,0,1,1
BRF:2
BRH:1
end_of_record
TN:
SF:src/components/ratings_reviews/ratings_breakdown/RecommendPercentage.jsx
FN:3,RecommendPercentage
FNF:1
FNH:1
FNDA:1,RecommendPercentage
DA:4,1
DA:6,1
LF:2
LH:2
BRF:0
BRH:0
end_of_record
TN:
SF:src/components/ratings_reviews/ratings_breakdown/StarBreakdownItem.jsx
FN:3,StarBreakdownItem
FN:6,(anonymous_1)
FNF:2
FNH:1
FNDA:5,StarBreakdownItem
FNDA:0,(anonymous_1)
DA:4,5
DA:6,0
LF:2
LH:1
BRF:0
BRH:0
end_of_record
TN:
SF:src/components/ratings_reviews/ratings_breakdown/StarBreakdownList.jsx
FN:6,StarBreakdownList
FNF:1
FNH:1
FNDA:1,StarBreakdownList
DA:10,1
DA:12,1
DA:13,5
DA:14,0
DA:15,0
DA:24,5
DA:35,1
LF:7
LH:5
BRDA:13,0,0,0
BRDA:13,0,1,5
BRF:2
BRH:1
end_of_record
TN:
SF:src/components/ratings_reviews/ratings_breakdown/StarRepresentation.jsx
FN:4,StarRepresentation
FNF:1
FNH:1
FNDA:1,StarRepresentation
DA:5,1
DA:6,1
LF:2
LH:2
BRF:0
BRH:0
end_of_record
TN:
SF:src/components/ratings_reviews/ratings_breakdown/breakdown_bar/ComfortBar.jsx
FN:4,ComfortBar
FNF:1
FNH:0
FNDA:0,ComfortBar
DA:5,0
LF:1
LH:0
BRF:0
BRH:0
end_of_record
TN:
SF:src/components/ratings_reviews/ratings_breakdown/breakdown_bar/FitBar.jsx
FN:4,FitBar
FNF:1
FNH:0
FNDA:0,FitBar
DA:5,0
LF:1
LH:0
BRF:0
BRH:0
end_of_record
TN:
SF:src/components/ratings_reviews/ratings_breakdown/breakdown_bar/LengthBar.jsx
FN:4,LengthBar
FNF:1
FNH:0
FNDA:0,LengthBar
DA:5,0
LF:1
LH:0
BRF:0
BRH:0
end_of_record
TN:
SF:src/components/ratings_reviews/ratings_breakdown/breakdown_bar/QualityBar.jsx
FN:4,QualityBar
FNF:1
FNH:0
FNDA:0,QualityBar
DA:5,0
LF:1
LH:0
BRF:0
BRH:0
end_of_record
TN:
SF:src/components/ratings_reviews/ratings_breakdown/breakdown_bar/SizeBar.jsx
FN:4,SizeBar
FNF:1
FNH:0
FNDA:0,SizeBar
DA:5,0
LF:1
LH:0
BRF:0
BRH:0
end_of_record
TN:
SF:src/components/ratings_reviews/ratings_breakdown/breakdown_bar/WidthBar.jsx
FN:5,WidthBar
FNF:1
FNH:0
FNDA:0,WidthBar
DA:6,0
LF:1
LH:0
BRF:0
BRH:0
end_of_record
TN:
SF:src/components/ratings_reviews/reviews_list/ActionButtons.jsx
FN:3,ActionButtons
FN:8,(anonymous_1)
FN:22,(anonymous_2)
FNF:3
FNH:0
FNDA:0,ActionButtons
FNDA:0,(anonymous_1)
FNDA:0,(anonymous_2)
DA:6,0
DA:8,0
DA:11,0
DA:12,0
DA:13,0
DA:14,0
DA:18,0
DA:22,0
LF:8
LH:0
BRDA:11,0,0,0
BRDA:11,0,1,0
BRDA:13,1,0,0
BRDA:13,1,1,0
BRDA:21,2,0,0
BRDA:21,2,1,0
BRF:6
BRH:0
end_of_record
TN:
SF:src/components/ratings_reviews/reviews_list/HelpfulButton.jsx
FN:3,HelpfulButton
FN:7,(anonymous_1)
FN:9,(anonymous_2)
FNF:3
FNH:0
FNDA:0,HelpfulButton
FNDA:0,(anonymous_1)
FNDA:0,(anonymous_2)
DA:4,0
DA:5,0
DA:7,0
DA:8,0
DA:9,0
DA:10,0
DA:11,0
DA:14,0
LF:8
LH:0
BRDA:17,0,0,0
BRDA:17,0,1,0
BRF:2
BRH:0
end_of_record
TN:
SF:src/components/ratings_reviews/reviews_list/RecommendCheck.jsx
FN:4,RecommendCheck
FNF:1
FNH:0
FNDA:0,RecommendCheck
DA:5,0
LF:1
LH:0
BRF:0
BRH:0
end_of_record
TN:
SF:src/components/ratings_reviews/reviews_list/ReportButton.jsx
FN:3,ReportButton
FN:6,(anonymous_1)
FNF:2
FNH:0
FNDA:0,ReportButton
FNDA:0,(anonymous_1)
DA:4,0
DA:6,0
LF:2
LH:0
BRF:0
BRH:0
end_of_record
TN:
SF:src/components/ratings_reviews/reviews_list/ReviewCard.jsx
FN:11,ReviewCard
FNF:1
FNH:0
FNDA:0,ReviewCard
DA:17,0
LF:1
LH:0
BRDA:29,0,0,0
BRDA:29,0,1,0
BRDA:30,1,0,0
BRDA:30,1,1,0
BRDA:31,2,0,0
BRDA:31,2,1,0
BRF:6
BRH:0
end_of_record
TN:
SF:src/components/ratings_reviews/reviews_list/ReviewCardPhotos.jsx
FN:3,ReviewCardPhotos
FN:4,(anonymous_1)
FN:11,(anonymous_2)
FNF:3
FNH:0
FNDA:0,ReviewCardPhotos
FNDA:0,(anonymous_1)
FNDA:0,(anonymous_2)
DA:4,0
DA:5,0
DA:8,0
DA:11,0
LF:4
LH:0
BRF:0
BRH:0
end_of_record
TN:
SF:src/components/ratings_reviews/reviews_list/ReviewCardText.jsx
FN:3,ReviewCardText
FNF:1
FNH:0
FNDA:0,ReviewCardText
DA:4,0
LF:1
LH:0
BRF:0
BRH:0
end_of_record
TN:
SF:src/components/ratings_reviews/reviews_list/ReviewsCardList.jsx
FN:7,(anonymous_0)
FN:17,ReviewsCardList
FN:25,(anonymous_2)
FN:31,(anonymous_3)
FN:35,(anonymous_4)
FN:42,(anonymous_5)
FN:46,(anonymous_6)
FN:48,(anonymous_7)
FN:50,(anonymous_8)
FN:55,(anonymous_9)
FN:56,(anonymous_10)
FN:58,(anonymous_11)
FN:60,(anonymous_12)
FN:70,(anonymous_13)
FN:75,(anonymous_14)
FNF:15
FNH:0
FNDA:0,(anonymous_0)
FNDA:0,ReviewsCardList
FNDA:0,(anonymous_2)
FNDA:0,(anonymous_3)
FNDA:0,(anonymous_4)
FNDA:0,(anonymous_5)
FNDA:0,(anonymous_6)
FNDA:0,(anonymous_7)
FNDA:0,(anonymous_8)
FNDA:0,(anonymous_9)
FNDA:0,(anonymous_10)
FNDA:0,(anonymous_11)
FNDA:0,(anonymous_12)
FNDA:0,(anonymous_13)
FNDA:0,(anonymous_14)
DA:7,1
DA:8,0
DA:9,0
DA:10,0
DA:11,0
DA:14,0
DA:20,0
DA:21,0
DA:22,0
DA:23,0
DA:25,0
DA:27,0
DA:28,0
DA:31,0
DA:32,0
DA:35,0
DA:36,0
DA:37,0
DA:38,0
DA:42,0
DA:43,0
DA:46,0
DA:48,0
DA:49,0
DA:51,0
DA:55,0
DA:56,0
DA:57,0
DA:59,0
DA:61,0
DA:65,0
DA:67,0
DA:68,0
DA:70,0
DA:71,0
DA:75,0
DA:76,0
DA:85,0
LF:38
LH:1
BRDA:10,0,0,0
BRDA:10,0,1,0
BRDA:36,1,0,0
BRDA:36,1,1,0
BRDA:67,2,0,0
BRDA:67,2,1,0
BRDA:101,3,0,0
BRDA:101,3,1,0
BRF:8
BRH:0
end_of_record
TN:
SF:src/components/ratings_reviews/reviews_list/ReviewsList.jsx
FN:6,ReviewsList
FNF:1
FNH:0
FNDA:0,ReviewsList
DA:9,0
DA:10,0
DA:12,0
LF:3
LH:0
BRDA:29,0,0,0
BRDA:29,0,1,0
BRF:2
BRH:0
end_of_record
TN:
SF:src/components/ratings_reviews/reviews_list/ReviewsSortMenu.jsx
FN:3,ReviewsSortMenu
FN:4,(anonymous_1)
FN:6,(anonymous_2)
FN:23,(anonymous_3)
FNF:4
FNH:0
FNDA:0,ReviewsSortMenu
FNDA:0,(anonymous_1)
FNDA:0,(anonymous_2)
FNDA:0,(anonymous_3)
DA:4,0
DA:5,0
DA:6,0
DA:8,0
DA:12,0
DA:23,0
LF:6
LH:0
BRF:0
BRH:0
end_of_record
TN:
SF:src/components/ratings_reviews/reviews_list/SellerResponse.jsx
FN:3,SellerResponse
FNF:1
FNH:0
FNDA:0,SellerResponse
DA:4,0
LF:1
LH:0
BRF:0
BRH:0
end_of_record
TN:
SF:src/components/related_products/ProductCard.jsx
FN:8,ProductCard
FNF:1
FNH:1
FNDA:11,ProductCard
DA:5,1
DA:9,11
LF:2
LH:2
BRF:0
BRH:0
end_of_record
TN:
SF:src/components/related_products/ProductCarousel.jsx
FN:10,ProductCarousel
FN:12,(anonymous_1)
FN:21,(anonymous_2)
FN:31,(anonymous_3)
FNF:4
FNH:2
FNDA:1,ProductCarousel
FNDA:11,(anonymous_1)
FNDA:0,(anonymous_2)
FNDA:0,(anonymous_3)
DA:6,1
DA:7,1
DA:12,11
DA:13,1
DA:15,1
DA:17,1
DA:19,1
DA:21,1
DA:23,0
DA:25,0
DA:28,0
DA:31,1
DA:33,0
DA:36,1
DA:44,1
DA:58,1
LF:16
LH:12
BRDA:46,0,0,0
BRDA:46,0,1,1
BRDA:51,1,0,1
BRDA:51,1,1,0
BRDA:52,2,0,0
BRDA:52,2,1,0
BRF:6
BRH:2
end_of_record
TN:
SF:src/components/related_products/RelatedProducts.jsx
FN:8,RelatedProducts
FNF:1
FNH:1
FNDA:1,RelatedProducts
DA:9,1
LF:1
LH:1
BRF:0
BRH:0
end_of_record
TN:
SF:src/components/shared/ImageModal.jsx
FN:28,ImageModal
FNF:1
FNH:0
FNDA:0,ImageModal
DA:29,0
LF:1
LH:0
BRF:0
BRH:0
end_of_record
TN:
SF:src/components/shared/StarRating.jsx
FN:4,StarRating
FN:17,(anonymous_1)
FNF:2
FNH:2
FNDA:12,StarRating
FNDA:60,(anonymous_1)
DA:5,12
DA:7,12
DA:8,60
DA:9,5
DA:10,5
DA:12,55
DA:17,12
DA:18,60
DA:19,60
DA:21,60
DA:29,12
LF:11
LH:11
BRDA:8,0,0,5
BRDA:8,0,1,55
BRDA:8,1,0,60
BRDA:8,1,1,25
BRDA:12,2,0,35
BRDA:12,2,1,20
BRDA:18,3,0,1
BRDA:18,3,1,59
BRDA:19,4,0,1
BRDA:19,4,1,59
BRF:10
BRH:10
end_of_record
TN:
SF:src/components/shared/StarReference.jsx
FN:5,(anonymous_0)
FN:22,StarReference
FN:24,(anonymous_2)
FNF:3
FNH:3
FNDA:1,(anonymous_0)
FNDA:1,StarReference
FNDA:5,(anonymous_2)
DA:5,1
DA:6,1
DA:7,1
DA:9,1
DA:10,10
DA:11,10
DA:12,10
DA:14,10
DA:17,1
DA:24,1
DA:25,5
DA:31,5
DA:39,1
DA:46,1
LF:14
LH:14
BRDA:10,0,0,5
BRDA:10,0,1,5
BRF:2
BRH:2
end_of_record
TN:
SF:src/components/shared/UserDateInfo.jsx
FN:5,UserDateInfo
FNF:1
FNH:0
FNDA:0,UserDateInfo
DA:6,0
DA:8,0
LF:2
LH:0
BRF:0
BRH:0
end_of_record
